Removed Pin From Net: NetName=SD_C\S\ Pin=R10-2
Removed Pin From Net: NetName=SD_CLK Pin=R11-2
Removed Pin From Net: NetName=SD_MOSI Pin=R12-2
Removed Pin From Net: NetName=DISP_C\S\ Pin=R14-2
Removed Pin From Net: NetName=DISP_CLK Pin=R15-2
Removed Pin From Net: NetName=DISP_MOSI Pin=R16-2
Removed Pin From Net: NetName=SD_MISO Pin=R25-1
Removed Member From Class: ClassName=Microcontroller Member=R10
Removed Member From Class: ClassName=Microcontroller Member=R11
Removed Member From Class: ClassName=Microcontroller Member=R12
Removed Member From Class: ClassName=Microcontroller Member=R14
Removed Member From Class: ClassName=Microcontroller Member=R15
Removed Member From Class: ClassName=Microcontroller Member=R16
Removed Member From Class: ClassName=Connectors Member=R25
Added Pin To Net: NetName=SD_MISO Pin=J7-P7
Added Pin To Net: NetName=SD_C\S\ Pin=U1-93
Added Pin To Net: NetName=SD_CLK Pin=U1-94
Added Pin To Net: NetName=SD_MOSI Pin=U1-95
Added Pin To Net: NetName=DISP_C\S\ Pin=U1-97
Added Pin To Net: NetName=DISP_CLK Pin=U1-98
Added Pin To Net: NetName=DISP_MOSI Pin=U1-99
