Added Component: Designator=C1(CAP0402R)
Added Component: Designator=C2(CAP0402R)
Added Component: Designator=C3(CAP0402R)
Added Component: Designator=C4(CAP0402R)
Added Component: Designator=C5(CAP0402R)
Added Component: Designator=C6(CAP0402R)
Added Component: Designator=C7(CAP0402R)
Added Component: Designator=C8(CAP0402R)
Added Component: Designator=C9(CAP0402R)
Added Component: Designator=C10(CAP1206W)
Added Component: Designator=C11(CAP0402R)
Added Component: Designator=C12(CAP0805W)
Added Component: Designator=C13(CAP0402R)
Added Component: Designator=C14(CAP0603R)
Added Component: Designator=C15(CAP0603R)
Added Component: Designator=C16(CAP0603R)
Added Component: Designator=C17(CAP0603R)
Added Component: Designator=C18(CAP0402R)
Added Component: Designator=C19(CAP0402R)
Added Component: Designator=C20(CAP0402R)
Added Component: Designator=C21(CAP0402R)
Added Component: Designator=D1(LED Green 0603)
Added Component: Designator=J1(1x2 MicroFit)
Added Component: Designator=J2(1x2 MicroFit)
Added Component: Designator=J3(2x5 JTAG Header)
Added Component: Designator=J4(1734035-4)
Added Component: Designator=J5(1x5 Header)
Added Component: Designator=J6(1x5 Header)
Added Component: Designator=M1(SOT23-3M)
Added Component: Designator=R1(RES0402R)
Added Component: Designator=R2(RES0402R)
Added Component: Designator=R3(RES0402R)
Added Component: Designator=R4(RES0402R)
Added Component: Designator=R5(RES0402R)
Added Component: Designator=R6(RES0402R)
Added Component: Designator=R7(RES0402R)
Added Component: Designator=R8(RES0402R)
Added Component: Designator=R9(RES0402R)
Added Component: Designator=R10(RES0402R)
Added Component: Designator=R11(RES0402R)
Added Component: Designator=R12(RES0402R)
Added Component: Designator=R13(RES0402R)
Added Component: Designator=R14(RES0402R)
Added Component: Designator=R15(RES0402R)
Added Component: Designator=R16(RES0402R)
Added Component: Designator=R17(RES0402R)
Added Component: Designator=R18(RES0402R)
Added Component: Designator=R19(RES0402R)
Added Component: Designator=R20(RES0402R)
Added Component: Designator=R21(RES0402R)
Added Component: Designator=R22(RES0603R)
Added Component: Designator=R23(RES0603W)
Added Component: Designator=R24(RES0603R)
Added Component: Designator=S1(TECONN_14783-1)
Added Component: Designator=S2(TECONN_1571563)
Added Component: Designator=U1(LQFP100 0.5mm 14mmx14mm)
Added Component: Designator=U2(QFN32)
Added Component: Designator=U3(SOIC-8 Narrow)
Added Component: Designator=U4(SC70)
Added Component: Designator=X1(ST3215SB32768H5HPWAA)
Added Component: Designator=X2(ABMM2-8.000MHZ-E2-T)
Added Pin To Net: NetName=3.3V Pin=C2-1
Added Pin To Net: NetName=3.3V Pin=C3-1
Added Pin To Net: NetName=3.3V Pin=C4-1
Added Pin To Net: NetName=3.3V Pin=C5-1
Added Pin To Net: NetName=3.3V Pin=C6-1
Added Pin To Net: NetName=3.3V Pin=C7-1
Added Pin To Net: NetName=3.3V Pin=C9-1
Added Pin To Net: NetName=3.3V Pin=C18-1
Added Pin To Net: NetName=3.3V Pin=J3-1
Added Pin To Net: NetName=3.3V Pin=R3-2
Added Pin To Net: NetName=3.3V Pin=R5-2
Added Pin To Net: NetName=3.3V Pin=U1-8
Added Pin To Net: NetName=3.3V Pin=U1-22
Added Pin To Net: NetName=3.3V Pin=U1-30
Added Pin To Net: NetName=3.3V Pin=U1-40
Added Pin To Net: NetName=3.3V Pin=U1-48
Added Pin To Net: NetName=3.3V Pin=U1-61
Added Pin To Net: NetName=3.3V Pin=U1-75
Added Pin To Net: NetName=3.3V Pin=U1-89
Added Pin To Net: NetName=3.3V Pin=U3-2
Added Pin To Net: NetName=3.3V Pin=U4-5
Added Pin To Net: NetName=3.3V Pin=U4-6
Added Net: Name=3.3V
Added Pin To Net: NetName=ADC_3V_REF Pin=C8-1
Added Pin To Net: NetName=ADC_3V_REF Pin=R2-2
Added Pin To Net: NetName=ADC_3V_REF Pin=U1-23
Added Pin To Net: NetName=ADC_3V_REF Pin=U3-6
Added Net: Name=ADC_3V_REF
Added Pin To Net: NetName=DISP_C\S\ Pin=J6-2
Added Pin To Net: NetName=DISP_C\S\ Pin=R14-2
Added Net: Name=DISP_C\S\
Added Pin To Net: NetName=DISP_CLK Pin=J6-4
Added Pin To Net: NetName=DISP_CLK Pin=R15-2
Added Net: Name=DISP_CLK
Added Pin To Net: NetName=DISP_MISO Pin=J6-3
Added Pin To Net: NetName=DISP_MISO Pin=U1-100
Added Net: Name=DISP_MISO
Added Pin To Net: NetName=DISP_MOSI Pin=J6-1
Added Pin To Net: NetName=DISP_MOSI Pin=R16-2
Added Net: Name=DISP_MOSI
Added Pin To Net: NetName=DUT_ISENSE_RANGE0 Pin=R17-2
Added Net: Name=DUT_ISENSE_RANGE0
Added Pin To Net: NetName=DUT_ISENSE_RANGE1 Pin=R18-2
Added Net: Name=DUT_ISENSE_RANGE1
Added Pin To Net: NetName=DUT_ISENSE Pin=U1-54
Added Net: Name=DUT_ISENSE
Added Pin To Net: NetName=DUT_VSENSE_IN Pin=C21-1
Added Pin To Net: NetName=DUT_VSENSE_IN Pin=R22-1
Added Pin To Net: NetName=DUT_VSENSE_IN Pin=R24-2
Added Pin To Net: NetName=DUT_VSENSE_IN Pin=U4-1
Added Net: Name=DUT_VSENSE_IN
Added Pin To Net: NetName=DUT_VSENSE_OUT Pin=C20-1
Added Pin To Net: NetName=DUT_VSENSE_OUT Pin=R23-1
Added Pin To Net: NetName=DUT_VSENSE_OUT Pin=U4-3
Added Pin To Net: NetName=DUT_VSENSE_OUT Pin=U4-4
Added Net: Name=DUT_VSENSE_OUT
Added Pin To Net: NetName=DUT_VSENSE Pin=U1-53
Added Net: Name=DUT_VSENSE
Added Pin To Net: NetName=GND Pin=C1-2
Added Pin To Net: NetName=GND Pin=C2-2
Added Pin To Net: NetName=GND Pin=C3-2
Added Pin To Net: NetName=GND Pin=C4-2
Added Pin To Net: NetName=GND Pin=C5-2
Added Pin To Net: NetName=GND Pin=C6-2
Added Pin To Net: NetName=GND Pin=C7-2
Added Pin To Net: NetName=GND Pin=C8-2
Added Pin To Net: NetName=GND Pin=C9-2
Added Pin To Net: NetName=GND Pin=C10-2
Added Pin To Net: NetName=GND Pin=C11-2
Added Pin To Net: NetName=GND Pin=C12-2
Added Pin To Net: NetName=GND Pin=C13-1
Added Pin To Net: NetName=GND Pin=C14-1
Added Pin To Net: NetName=GND Pin=C15-1
Added Pin To Net: NetName=GND Pin=C16-1
Added Pin To Net: NetName=GND Pin=C17-1
Added Pin To Net: NetName=GND Pin=C18-2
Added Pin To Net: NetName=GND Pin=C19-2
Added Pin To Net: NetName=GND Pin=C20-2
Added Pin To Net: NetName=GND Pin=C21-2
Added Pin To Net: NetName=GND Pin=D1-1
Added Pin To Net: NetName=GND Pin=J1-2
Added Pin To Net: NetName=GND Pin=J3-3
Added Pin To Net: NetName=GND Pin=J3-5
Added Pin To Net: NetName=GND Pin=J4-0
Added Pin To Net: NetName=GND Pin=J4-0
Added Pin To Net: NetName=GND Pin=J4-0
Added Pin To Net: NetName=GND Pin=J4-0
Added Pin To Net: NetName=GND Pin=J4-5
Added Pin To Net: NetName=GND Pin=J5-5
Added Pin To Net: NetName=GND Pin=J6-5
Added Pin To Net: NetName=GND Pin=M1-2
Added Pin To Net: NetName=GND Pin=R2-1
Added Pin To Net: NetName=GND Pin=R9-1
Added Pin To Net: NetName=GND Pin=R24-1
Added Pin To Net: NetName=GND Pin=S1-1
Added Pin To Net: NetName=GND Pin=S2-3
Added Pin To Net: NetName=GND Pin=S2-4
Added Pin To Net: NetName=GND Pin=U1-9
Added Pin To Net: NetName=GND Pin=U1-24
Added Pin To Net: NetName=GND Pin=U1-25
Added Pin To Net: NetName=GND Pin=U1-41
Added Pin To Net: NetName=GND Pin=U1-49
Added Pin To Net: NetName=GND Pin=U1-60
Added Pin To Net: NetName=GND Pin=U1-74
Added Pin To Net: NetName=GND Pin=U1-88
Added Pin To Net: NetName=GND Pin=U2-0
Added Pin To Net: NetName=GND Pin=U2-4
Added Pin To Net: NetName=GND Pin=U2-17
Added Pin To Net: NetName=GND Pin=U2-20
Added Pin To Net: NetName=GND Pin=U2-24
Added Pin To Net: NetName=GND Pin=U2-26
Added Pin To Net: NetName=GND Pin=U3-4
Added Pin To Net: NetName=GND Pin=U4-2
Added Net: Name=GND
Added Pin To Net: NetName=JTAG_TCLK Pin=U1-34
Added Net: Name=JTAG_TCLK
Added Pin To Net: NetName=JTAG_TDI Pin=U1-35
Added Net: Name=JTAG_TDI
Added Pin To Net: NetName=JTAG_TDO Pin=U1-36
Added Net: Name=JTAG_TDO
Added Pin To Net: NetName=JTAG_TMS Pin=U1-37
Added Net: Name=JTAG_TMS
Added Pin To Net: NetName=MCU_RESET Pin=R3-1
Added Pin To Net: NetName=MCU_RESET Pin=R4-1
Added Pin To Net: NetName=MCU_RESET Pin=S1-2
Added Net: Name=MCU_RESET
Added Pin To Net: NetName=NetC19_1 Pin=C19-1
Added Pin To Net: NetName=NetC19_1 Pin=R23-2
Added Net: Name=NetC19_1
Added Pin To Net: NetName=NetD1_2 Pin=D1-2
Added Pin To Net: NetName=NetD1_2 Pin=R1-1
Added Net: Name=NetD1_2
Added Pin To Net: NetName=NetJ2_2 Pin=J2-2
Added Net: Name=NetJ2_2
Added Pin To Net: NetName=NetJ3_2 Pin=J3-2
Added Net: Name=NetJ3_2
Added Pin To Net: NetName=NetJ3_4 Pin=J3-4
Added Net: Name=NetJ3_4
Added Pin To Net: NetName=NetJ3_6 Pin=J3-6
Added Net: Name=NetJ3_6
Added Pin To Net: NetName=NetJ3_8 Pin=J3-8
Added Net: Name=NetJ3_8
Added Pin To Net: NetName=NetJ3_10 Pin=J3-10
Added Net: Name=NetJ3_10
Added Pin To Net: NetName=NetJ4_2 Pin=J4-2
Added Net: Name=NetJ4_2
Added Pin To Net: NetName=NetJ4_3 Pin=J4-3
Added Net: Name=NetJ4_3
Added Pin To Net: NetName=NetM1_1 Pin=M1-1
Added Pin To Net: NetName=NetM1_1 Pin=R8-2
Added Net: Name=NetM1_1
Added Pin To Net: NetName=NetM1_3 Pin=M1-3
Added Pin To Net: NetName=NetM1_3 Pin=R5-1
Added Pin To Net: NetName=NetM1_3 Pin=R7-2
Added Pin To Net: NetName=NetM1_3 Pin=S2-1
Added Pin To Net: NetName=NetM1_3 Pin=S2-2
Added Net: Name=NetM1_3
Added Pin To Net: NetName=NetR4_2 Pin=R4-2
Added Pin To Net: NetName=NetR4_2 Pin=U1-52
Added Net: Name=NetR4_2
Added Pin To Net: NetName=NetR6_1 Pin=R6-1
Added Pin To Net: NetName=NetR6_1 Pin=U1-1
Added Net: Name=NetR6_1
Added Pin To Net: NetName=NetR8_1 Pin=R8-1
Added Pin To Net: NetName=NetR8_1 Pin=R9-2
Added Net: Name=NetR8_1
Added Pin To Net: NetName=NetR10_1 Pin=R10-1
Added Pin To Net: NetName=NetR10_1 Pin=U1-93
Added Net: Name=NetR10_1
Added Pin To Net: NetName=NetR11_1 Pin=R11-1
Added Pin To Net: NetName=NetR11_1 Pin=U1-94
Added Net: Name=NetR11_1
Added Pin To Net: NetName=NetR12_1 Pin=R12-1
Added Pin To Net: NetName=NetR12_1 Pin=U1-95
Added Net: Name=NetR12_1
Added Pin To Net: NetName=NetR13_1 Pin=R13-1
Added Pin To Net: NetName=NetR13_1 Pin=U2-30
Added Net: Name=NetR13_1
Added Pin To Net: NetName=NetR14_1 Pin=R14-1
Added Pin To Net: NetName=NetR14_1 Pin=U1-97
Added Net: Name=NetR14_1
Added Pin To Net: NetName=NetR15_1 Pin=R15-1
Added Pin To Net: NetName=NetR15_1 Pin=U1-98
Added Net: Name=NetR15_1
Added Pin To Net: NetName=NetR16_1 Pin=R16-1
Added Pin To Net: NetName=NetR16_1 Pin=U1-99
Added Net: Name=NetR16_1
Added Pin To Net: NetName=NetR17_1 Pin=R17-1
Added Pin To Net: NetName=NetR17_1 Pin=U1-72
Added Net: Name=NetR17_1
Added Pin To Net: NetName=NetR18_1 Pin=R18-1
Added Pin To Net: NetName=NetR18_1 Pin=U1-73
Added Net: Name=NetR18_1
Added Pin To Net: NetName=NetR19_1 Pin=R19-1
Added Pin To Net: NetName=NetR19_1 Pin=U1-79
Added Net: Name=NetR19_1
Added Pin To Net: NetName=OSC8M_N Pin=C16-2
Added Pin To Net: NetName=OSC8M_N Pin=R21-2
Added Pin To Net: NetName=OSC8M_N Pin=U1-50
Added Pin To Net: NetName=OSC8M_N Pin=X2-2
Added Net: Name=OSC8M_N
Added Pin To Net: NetName=OSC8M_P Pin=C17-2
Added Pin To Net: NetName=OSC8M_P Pin=R21-1
Added Pin To Net: NetName=OSC8M_P Pin=U1-51
Added Pin To Net: NetName=OSC8M_P Pin=X2-1
Added Net: Name=OSC8M_P
Added Pin To Net: NetName=OSC32K_N Pin=C15-2
Added Pin To Net: NetName=OSC32K_N Pin=R20-1
Added Pin To Net: NetName=OSC32K_N Pin=U1-29
Added Pin To Net: NetName=OSC32K_N Pin=X1-1
Added Net: Name=OSC32K_N
Added Pin To Net: NetName=OSC32K_P Pin=C14-2
Added Pin To Net: NetName=OSC32K_P Pin=R20-2
Added Pin To Net: NetName=OSC32K_P Pin=U1-28
Added Pin To Net: NetName=OSC32K_P Pin=X1-2
Added Net: Name=OSC32K_P
Added Pin To Net: NetName=PWR_FAIL_IRQ Pin=U1-38
Added Net: Name=PWR_FAIL_IRQ
Added Pin To Net: NetName=S\T\A\T\S\_\I\R\Q\ Pin=C12-1
Added Pin To Net: NetName=S\T\A\T\S\_\I\R\Q\ Pin=R7-1
Added Pin To Net: NetName=S\T\A\T\S\_\I\R\Q\ Pin=U1-43
Added Net: Name=S\T\A\T\S\_\I\R\Q\
Added Pin To Net: NetName=SD_C\S\ Pin=J5-2
Added Pin To Net: NetName=SD_C\S\ Pin=R10-2
Added Net: Name=SD_C\S\
Added Pin To Net: NetName=SD_CLK Pin=J5-4
Added Pin To Net: NetName=SD_CLK Pin=R11-2
Added Net: Name=SD_CLK
Added Pin To Net: NetName=SD_MISO Pin=J5-3
Added Pin To Net: NetName=SD_MISO Pin=U1-96
Added Net: Name=SD_MISO
Added Pin To Net: NetName=SD_MOSI Pin=J5-1
Added Pin To Net: NetName=SD_MOSI Pin=R12-2
Added Net: Name=SD_MOSI
Added Pin To Net: NetName=SELF_3V3_ISENSE Pin=U1-81
Added Net: Name=SELF_3V3_ISENSE
Added Pin To Net: NetName=SELF_5V_ISENSE Pin=U1-83
Added Net: Name=SELF_5V_ISENSE
Added Pin To Net: NetName=SELF_5V_VSENSE Pin=U1-82
Added Net: Name=SELF_5V_VSENSE
Added Pin To Net: NetName=U2_R\E\S\E\T\ Pin=R19-2
Added Pin To Net: NetName=U2_R\E\S\E\T\ Pin=U2-18
Added Net: Name=U2_R\E\S\E\T\
Added Pin To Net: NetName=UART1_RX Pin=R13-2
Added Pin To Net: NetName=UART1_RX Pin=U1-2
Added Net: Name=UART1_RX
Added Pin To Net: NetName=UART1_TX Pin=R6-2
Added Pin To Net: NetName=UART1_TX Pin=U2-2
Added Net: Name=UART1_TX
Added Pin To Net: NetName=USB_3V3 Pin=C13-2
Added Pin To Net: NetName=USB_3V3 Pin=U2-1
Added Pin To Net: NetName=USB_3V3 Pin=U2-16
Added Net: Name=USB_3V3
Added Pin To Net: NetName=USB_5V Pin=C1-1
Added Pin To Net: NetName=USB_5V Pin=C10-1
Added Pin To Net: NetName=USB_5V Pin=C11-1
Added Pin To Net: NetName=USB_5V Pin=J4-1
Added Pin To Net: NetName=USB_5V Pin=R1-2
Added Pin To Net: NetName=USB_5V Pin=U2-19
Added Net: Name=USB_5V
Added Pin To Net: NetName=USBD_N Pin=U2-15
Added Net: Name=USBD_N
Added Pin To Net: NetName=USBD_P Pin=U2-14
Added Net: Name=USBD_P
Added Pin To Net: NetName=V_BAT Pin=J1-1
Added Pin To Net: NetName=V_BAT Pin=J2-1
Added Pin To Net: NetName=V_BAT Pin=R22-2
Added Net: Name=V_BAT
Added Class: Name=Connectors
Added Class: Name=Microcontroller
Added Class: Name=Voltage Measurement
Added Differential Pair: Name=OSC8M
Added Differential Pair: Name=OSC32K
Added Differential Pair: Name=USBD
