Added Component: Designator=D2(LED Green 0603)
Added Component: Designator=D3(LED Green 0603)
Added Component: Designator=M2(SOT666-6N)
Added Component: Designator=R27(RES0402R)
Added Component: Designator=R28(RES0402R)
Added Pin To Net: NetName=GND Pin=M2-1
Added Pin To Net: NetName=DUT_ISENSE_RANGE0 Pin=M2-2
Added Pin To Net: NetName=GND Pin=M2-4
Added Pin To Net: NetName=DUT_ISENSE_RANGE1 Pin=M2-5
Added Pin To Net: NetName=3.3V Pin=R27-2
Added Pin To Net: NetName=3.3V Pin=R28-2
Added Pin To Net: NetName=NetD2_1 Pin=D2-1
Added Pin To Net: NetName=NetD2_1 Pin=M2-6
Added Net: Name=NetD2_1
Added Pin To Net: NetName=NetD2_2 Pin=D2-2
Added Pin To Net: NetName=NetD2_2 Pin=R27-1
Added Net: Name=NetD2_2
Added Pin To Net: NetName=NetD3_1 Pin=D3-1
Added Pin To Net: NetName=NetD3_1 Pin=M2-3
Added Net: Name=NetD3_1
Added Pin To Net: NetName=NetD3_2 Pin=D3-2
Added Pin To Net: NetName=NetD3_2 Pin=R28-1
Added Net: Name=NetD3_2
Added Member To Class: ClassName=Microcontroller Member=Component D2 LTST-S270KGKT
Added Member To Class: ClassName=Microcontroller Member=Component D3 LTST-S270KGKT
Added Member To Class: ClassName=Microcontroller Member=Component M2 NX3020NAKV,115
Added Member To Class: ClassName=Microcontroller Member=Component R27 220R
Added Member To Class: ClassName=Microcontroller Member=Component R28 220R
