Removed Pin From Net: NetName=DUT_ISENSE_RANGE0 Pin=R17-2
Removed Pin From Net: NetName=DUT_ISENSE_RANGE1 Pin=R18-2
Removed Pin From Net: NetName=DUT_ISENSE_RANGE2 Pin=R77-2
Removed Pin From Net: NetName=DUT_MUX_RANGE0 Pin=R78-2
Removed Pin From Net: NetName=DUT_MUX_RANGE1 Pin=R79-2
Removed Pin From Net: NetName=NetR54_2 Pin=R80-2
Removed Member From Class: ClassName=Microcontroller Member=R17
Removed Member From Class: ClassName=Microcontroller Member=R18
Removed Member From Class: ClassName=Microcontroller Member=R77
Removed Member From Class: ClassName=Microcontroller Member=R78
Removed Member From Class: ClassName=Microcontroller Member=R79
Removed Member From Class: ClassName=Microcontroller Member=R80
Removed Member From Class: ClassName=Microcontroller Member=R81
Added Pin To Net: NetName=DUT_ISENSE_RANGE0 Pin=U1-72
Added Pin To Net: NetName=DUT_ISENSE_RANGE1 Pin=U1-73
Added Pin To Net: NetName=DUT_ISENSE_RANGE2 Pin=U1-76
Added Pin To Net: NetName=DUT_MUX_RANGE0 Pin=U1-77
Added Pin To Net: NetName=DUT_MUX_RANGE1 Pin=U1-78
Added Pin To Net: NetName=NetR54_2 Pin=U1-79
Added Pin To Net: NetName=NetU1_80 Pin=U1-80
Added Pin To Net: NetName=NetU1_80 Pin=U16-3
Added Net: Name=NetU1_80
