Removed Pin From Net: NetName=V3_ISENSE_P Pin=C44-1
Removed Pin From Net: NetName=V3_ISENSE_P Pin=R42-1
Removed Pin From Net: NetName=V3_ISENSE_P Pin=R51-1
Added Component: Designator=NT1(Net Tie)
Added Component: Designator=NT2(Net Tie)
Added Component: Designator=NT3(Net Tie)
Added Pin To Net: NetName=V5_ISENSE_N Pin=NT1-1
Added Pin To Net: NetName=V3_ISENSE_P Pin=NT1-2
Added Pin To Net: NetName=V3_ISENSE_P Pin=NT2-2
Added Pin To Net: NetName=NetC45_1 Pin=NT3-1
Added Pin To Net: NetName=3.3V Pin=NT3-2
Change Net Name : Old Net Name=V3_ISENSE_P New Net Name=5V
Added Pin To Net: NetName=V3_ISENSE_P Pin=C44-1
Added Pin To Net: NetName=V3_ISENSE_P Pin=NT2-1
Added Pin To Net: NetName=V3_ISENSE_P Pin=R42-1
Added Pin To Net: NetName=V3_ISENSE_P Pin=R51-1
Added Net: Name=V3_ISENSE_P
Added Member To Class: ClassName=Power Member=Component NT1 Net Tie
Added Member To Class: ClassName=Power Member=Component NT2 Net Tie
Added Member To Class: ClassName=Power Member=Component NT3 Net Tie
