Removed Pin From Net: NetName=DISP_MISO Pin=J5-1
Removed Pin From Net: NetName=SD_MOSI Pin=J5-2
Removed Pin From Net: NetName=DISP_MOSI Pin=J5-3
Removed Pin From Net: NetName=SD_C\S\ Pin=J5-4
Removed Pin From Net: NetName=DISP_CLK Pin=J5-5
Removed Pin From Net: NetName=SD_MISO Pin=J5-6
Removed Pin From Net: NetName=DISP_C\S\ Pin=J5-7
Removed Pin From Net: NetName=SD_CLK Pin=J5-8
Removed Pin From Net: NetName=GND Pin=J5-9
Removed Pin From Net: NetName=GND Pin=J5-10
Added Pin To Net: NetName=GND Pin=J5-1
Added Pin To Net: NetName=GND Pin=J5-2
Added Pin To Net: NetName=DISP_MISO Pin=J5-3
Added Pin To Net: NetName=SD_MOSI Pin=J5-4
Added Pin To Net: NetName=DISP_MOSI Pin=J5-5
Added Pin To Net: NetName=SD_C\S\ Pin=J5-6
Added Pin To Net: NetName=DISP_CLK Pin=J5-7
Added Pin To Net: NetName=SD_MISO Pin=J5-8
Added Pin To Net: NetName=DISP_C\S\ Pin=J5-9
Added Pin To Net: NetName=SD_CLK Pin=J5-10
