Removed Pin From Net: NetName=SD_MOSI Pin=J5-1
Removed Pin From Net: NetName=SD_C\S\ Pin=J5-2
Removed Pin From Net: NetName=SD_MISO Pin=J5-3
Removed Pin From Net: NetName=SD_CLK Pin=J5-4
Removed Pin From Net: NetName=GND Pin=J5-5
Removed Pin From Net: NetName=DISP_MOSI Pin=J6-1
Removed Pin From Net: NetName=DISP_C\S\ Pin=J6-2
Removed Pin From Net: NetName=DISP_MISO Pin=J6-3
Removed Pin From Net: NetName=DISP_CLK Pin=J6-4
Removed Pin From Net: NetName=GND Pin=J6-5
Removed Member From Class: ClassName=Microcontroller Member=J6
Change Component DesignItemId : Designator=J5 Old DesignItemId=1x5 Header New DesignItemId=2x5 JTAG Header TH
Change Component DesignItemId : Designator=J3 Old DesignItemId=2x5 JTAG Header New DesignItemId=2x5 JTAG Header TH
Change Component Comment : Designator=J5 Old Comment=1x5 Header New Comment=20021111-00010T4LF
Change Component Comment : Designator=J3 Old Comment=20021121-00010C4LF New Comment=20021111-00010T4LF
Change Component Description : Designator=J5 Old Description=1x5 Header, 2.52mm pitch New Description=2x5 JTAG Header TH (1.27mm)
Change Component Description : Designator=J3 Old Description=2x5 JTAG Header (1.27mm) New Description=2x5 JTAG Header TH (1.27mm)
Change Component Library : Designator=J3 Old Library=Altium Library.IntLib New Library=Altium Library_EE4951.IntLib
Change Component Library : Designator=J5 Old Library=Altium Library.IntLib New Library=Altium Library_EE4951.IntLib
Added Pin To Net: NetName=DISP_MOSI Pin=J5-1
Added Pin To Net: NetName=SD_MOSI Pin=J5-2
Added Pin To Net: NetName=DISP_C\S\ Pin=J5-3
Added Pin To Net: NetName=SD_C\S\ Pin=J5-4
Added Pin To Net: NetName=DISP_MISO Pin=J5-5
