Removed Pin From Net: NetName=NetR19_1 Pin=U1-79
Added Component: Designator=C26(CAP0603R)
Added Component: Designator=C27(CAP0603R)
Added Component: Designator=C28(CAP1206W)
Added Component: Designator=C29(CAP0402R)
Added Component: Designator=C30(CAP0805R)
Added Component: Designator=C31(CAP0805R)
Added Component: Designator=C32(CAP0402R)
Added Component: Designator=C33(CAP0402R)
Added Component: Designator=C34(CAP0805W)
Added Component: Designator=C35(CAP0402R)
Added Component: Designator=C36(CAP1206R)
Added Component: Designator=C37(CAP0402R)
Added Component: Designator=C38(CAP0402R)
Added Component: Designator=C39(CAP1206W)
Added Component: Designator=C40(CAP0402R)
Added Component: Designator=C41(CAP0805R)
Added Component: Designator=C42(CAP0402R)
Added Component: Designator=C43(CAP0603R)
Added Component: Designator=C44(CAP0805R)
Added Component: Designator=C45(CAP0805R)
Added Component: Designator=C46(CAP0402R)
Added Component: Designator=C47(CAP0402R)
Added Component: Designator=C48(CAP0402R)
Added Component: Designator=C49(CAP0402R)
Added Component: Designator=C50(CAP0402R)
Added Component: Designator=C51(CAP0402R)
Added Component: Designator=C52(CAP0402R)
Added Component: Designator=C53(CAP0402R)
Added Component: Designator=C54(CAP0402R)
Added Component: Designator=C55(CAP0402R)
Added Component: Designator=C56(CAP1206R)
Added Component: Designator=D4(SOD-323 (SC-90))
Added Component: Designator=D5(SOD128)
Added Component: Designator=D6(SOD128)
Added Component: Designator=D7(SOD-323 (SC-90))
Added Component: Designator=D8(SOD128)
Added Component: Designator=D9(SOD128)
Added Component: Designator=D10(SOD128)
Added Component: Designator=L1(CDRH3D28NP-6R8NC)
Added Component: Designator=L2(Bourns_SRR1210)
Added Component: Designator=M3(SOT23-3M)
Added Component: Designator=M4(SOT23-3M)
Added Component: Designator=M5(SOT23-3M)
Added Component: Designator=NT1(Net Tie)
Added Component: Designator=R10(RES0402R)
Added Component: Designator=R11(RES0402R)
Added Component: Designator=R12(RES0402R)
Added Component: Designator=R14(RES0402R)
Added Component: Designator=R15(RES0402R)
Added Component: Designator=R16(RES0402R)
Added Component: Designator=R25(RES0402R)
Added Component: Designator=R29(RES0402R)
Added Component: Designator=R30(RES1206R)
Added Component: Designator=R31(RES0402R)
Added Component: Designator=R32(RES0402R)
Added Component: Designator=R33(RES0402R)
Added Component: Designator=R34(RES1206W)
Added Component: Designator=R35(RES0402R)
Added Component: Designator=R36(RES0402R)
Added Component: Designator=R37(RES0402R)
Added Component: Designator=R38(RES0402R)
Added Component: Designator=R39(RES0402R)
Added Component: Designator=R40(RES0402R)
Added Component: Designator=R41(RES0402R)
Added Component: Designator=R42(RES1206R)
Added Component: Designator=R43(RES0402R)
Added Component: Designator=R44(RES0603R)
Added Component: Designator=R45(RES0603R)
Added Component: Designator=R46(RES0402R)
Added Component: Designator=R47(RES0603W)
Added Component: Designator=R48(RES0603R)
Added Component: Designator=R49(RES0603W)
Added Component: Designator=R50(RES0402R)
Added Component: Designator=R51(RES0402R)
Added Component: Designator=R52(RES0603W)
Added Component: Designator=R53(RES0603W)
Added Component: Designator=R54(RES0402R)
Added Component: Designator=U5(HSOP-8)
Added Component: Designator=U6(SOIC-8)
Added Component: Designator=U7(SOT23-3M)
Added Component: Designator=U8(HTSSOP-20)
Added Component: Designator=U9(SOT223)
Added Component: Designator=U10(SC70-8)
Added Component: Designator=U11(uMAX8)
Added Component: Designator=U12(uMAX8)
Added Component: Designator=U13(SSD1306)
Added Pin To Net: NetName=GND Pin=C26-1
Added Pin To Net: NetName=V_BAT Pin=C26-2
Added Pin To Net: NetName=V_BAT Pin=C28-1
Added Pin To Net: NetName=GND Pin=C28-2
Added Pin To Net: NetName=GND Pin=C29-1
Added Pin To Net: NetName=V_BAT Pin=C29-2
Added Pin To Net: NetName=GND Pin=C30-2
Added Pin To Net: NetName=GND Pin=C31-2
Added Pin To Net: NetName=GND Pin=C33-1
Added Pin To Net: NetName=GND Pin=C34-1
Added Pin To Net: NetName=GND Pin=C35-2
Added Pin To Net: NetName=GND Pin=C36-2
Added Pin To Net: NetName=GND Pin=C37-2
Added Pin To Net: NetName=GND Pin=C38-2
Added Pin To Net: NetName=GND Pin=C39-2
Added Pin To Net: NetName=GND Pin=C41-1
Added Pin To Net: NetName=GND Pin=C42-2
Added Pin To Net: NetName=GND Pin=C43-2
Added Pin To Net: NetName=GND Pin=C44-2
Added Pin To Net: NetName=3.3V Pin=C45-1
Added Pin To Net: NetName=GND Pin=C45-2
Added Pin To Net: NetName=3.3V Pin=C46-1
Added Pin To Net: NetName=GND Pin=C46-2
Added Pin To Net: NetName=GND Pin=C49-2
Added Pin To Net: NetName=GND Pin=C50-2
Added Pin To Net: NetName=GND Pin=C51-2
Added Pin To Net: NetName=3.3V Pin=C52-1
Added Pin To Net: NetName=GND Pin=C52-2
Added Pin To Net: NetName=GND Pin=C55-2
Added Pin To Net: NetName=GND Pin=C56-2
Added Pin To Net: NetName=V_BAT Pin=D8-2
Added Pin To Net: NetName=GND Pin=M3-2
Added Pin To Net: NetName=USB_5V Pin=M5-2
Added Pin To Net: NetName=V_BAT Pin=R10-2
Added Pin To Net: NetName=V_BAT Pin=R11-2
Added Pin To Net: NetName=V_BAT Pin=R12-2
Added Pin To Net: NetName=V_BAT Pin=R14-2
Added Pin To Net: NetName=GND Pin=R16-1
Added Pin To Net: NetName=GND Pin=R25-1
Added Pin To Net: NetName=GND Pin=R29-1
Added Pin To Net: NetName=GND Pin=R31-1
Added Pin To Net: NetName=USB_5V Pin=R32-2
Added Pin To Net: NetName=GND Pin=R33-1
Added Pin To Net: NetName=V_BAT Pin=R34-2
Added Pin To Net: NetName=GND Pin=R38-1
Added Pin To Net: NetName=GND Pin=R39-1
Added Pin To Net: NetName=GND Pin=R40-1
Added Pin To Net: NetName=GND Pin=R41-1
Added Pin To Net: NetName=GND Pin=R48-1
Added Pin To Net: NetName=GND Pin=R49-1
Added Pin To Net: NetName=GND Pin=R53-1
Added Pin To Net: NetName=NetR19_1 Pin=U1-3
Added Pin To Net: NetName=V_BAT Pin=U5-2
Added Pin To Net: NetName=GND Pin=U5-7
Added Pin To Net: NetName=GND Pin=U5-9
Added Pin To Net: NetName=GND Pin=U6-4
Added Pin To Net: NetName=V_BAT Pin=U6-8
Added Pin To Net: NetName=GND Pin=U7-2
Added Pin To Net: NetName=GND Pin=U8-0
Added Pin To Net: NetName=GND Pin=U8-1
Added Pin To Net: NetName=GND Pin=U8-2
Added Pin To Net: NetName=GND Pin=U8-3
Added Pin To Net: NetName=GND Pin=U8-4
Added Pin To Net: NetName=GND Pin=U8-10
Added Pin To Net: NetName=GND Pin=U8-12
Added Pin To Net: NetName=GND Pin=U8-17
Added Pin To Net: NetName=GND Pin=U9-2
Added Pin To Net: NetName=3.3V Pin=U9-3
Added Pin To Net: NetName=GND Pin=U11-1
Added Pin To Net: NetName=GND Pin=U11-4
Added Pin To Net: NetName=GND Pin=U11-5
Added Pin To Net: NetName=3.3V Pin=U11-8
Added Pin To Net: NetName=GND Pin=U12-1
Added Pin To Net: NetName=GND Pin=U12-4
Added Pin To Net: NetName=GND Pin=U12-5
Added Pin To Net: NetName=3.3V Pin=U12-8
Added Pin To Net: NetName=GND Pin=U13-8
Added Pin To Net: NetName=BOOST_EN Pin=M3-3
Added Pin To Net: NetName=BOOST_EN Pin=R10-1
Added Pin To Net: NetName=BOOST_EN Pin=U8-5
Added Net: Name=BOOST_EN
Added Pin To Net: NetName=BOOST_OUT Pin=C37-1
Added Pin To Net: NetName=BOOST_OUT Pin=C38-1
Added Pin To Net: NetName=BOOST_OUT Pin=C39-1
Added Pin To Net: NetName=BOOST_OUT Pin=D6-2
Added Pin To Net: NetName=BOOST_OUT Pin=D10-1
Added Pin To Net: NetName=BOOST_OUT Pin=R35-2
Added Pin To Net: NetName=BOOST_OUT Pin=R36-2
Added Pin To Net: NetName=BOOST_OUT Pin=R37-1
Added Pin To Net: NetName=BOOST_OUT Pin=U8-16
Added Net: Name=BOOST_OUT
Added Pin To Net: NetName=BUCK_EN Pin=U5-3
Added Pin To Net: NetName=BUCK_EN Pin=U6-7
Added Net: Name=BUCK_EN
Added Pin To Net: NetName=BUCK_OUT Pin=C30-1
Added Pin To Net: NetName=BUCK_OUT Pin=C31-1
Added Pin To Net: NetName=BUCK_OUT Pin=D5-2
Added Pin To Net: NetName=BUCK_OUT Pin=L1-2
Added Pin To Net: NetName=BUCK_OUT Pin=R15-2
Added Net: Name=BUCK_OUT
Added Pin To Net: NetName=NetC27_1 Pin=C27-1
Added Pin To Net: NetName=NetC27_1 Pin=U5-1
Added Net: Name=NetC27_1
Added Pin To Net: NetName=NetC27_2 Pin=C27-2
Added Pin To Net: NetName=NetC27_2 Pin=L1-1
Added Pin To Net: NetName=NetC27_2 Pin=U5-8
Added Net: Name=NetC27_2
Added Pin To Net: NetName=NetC32_1 Pin=C32-1
Added Pin To Net: NetName=NetC32_1 Pin=R29-2
Added Net: Name=NetC32_1
Added Pin To Net: NetName=NetC32_2 Pin=C32-2
Added Pin To Net: NetName=NetC32_2 Pin=C33-2
Added Pin To Net: NetName=NetC32_2 Pin=U5-6
Added Net: Name=NetC32_2
Added Pin To Net: NetName=NetC34_2 Pin=C34-2
Added Pin To Net: NetName=NetC34_2 Pin=U5-4
Added Net: Name=NetC34_2
Added Pin To Net: NetName=NetC35_1 Pin=C35-1
Added Pin To Net: NetName=NetC35_1 Pin=D7-2
Added Pin To Net: NetName=NetC35_1 Pin=M4-1
Added Pin To Net: NetName=NetC35_1 Pin=M5-3
Added Pin To Net: NetName=NetC35_1 Pin=R31-2
Added Net: Name=NetC35_1
Added Pin To Net: NetName=NetC36_1 Pin=C36-1
Added Pin To Net: NetName=NetC36_1 Pin=D9-1
Added Pin To Net: NetName=NetC36_1 Pin=R34-1
Added Pin To Net: NetName=NetC36_1 Pin=U8-19
Added Net: Name=NetC36_1
Added Pin To Net: NetName=NetC40_1 Pin=C40-1
Added Pin To Net: NetName=NetC40_1 Pin=U8-15
Added Net: Name=NetC40_1
Added Pin To Net: NetName=NetC40_2 Pin=C40-2
Added Pin To Net: NetName=NetC40_2 Pin=R36-1
Added Pin To Net: NetName=NetC40_2 Pin=R38-2
Added Pin To Net: NetName=NetC40_2 Pin=U8-14
Added Net: Name=NetC40_2
Added Pin To Net: NetName=NetC41_2 Pin=C41-2
Added Pin To Net: NetName=NetC41_2 Pin=U8-11
Added Net: Name=NetC41_2
Added Pin To Net: NetName=NetC42_1 Pin=C42-1
Added Pin To Net: NetName=NetC42_1 Pin=U8-9
Added Net: Name=NetC42_1
Added Pin To Net: NetName=NetC43_1 Pin=C43-1
Added Pin To Net: NetName=NetC43_1 Pin=U8-20
Added Net: Name=NetC43_1
Added Pin To Net: NetName=NetC47_1 Pin=C47-1
Added Pin To Net: NetName=NetC47_1 Pin=R43-2
Added Pin To Net: NetName=NetC47_1 Pin=U11-2
Added Net: Name=NetC47_1
Added Pin To Net: NetName=NetC47_2 Pin=C47-2
Added Pin To Net: NetName=NetC47_2 Pin=R46-2
Added Pin To Net: NetName=NetC47_2 Pin=U11-3
Added Net: Name=NetC47_2
Added Pin To Net: NetName=NetC48_1 Pin=C48-1
Added Pin To Net: NetName=NetC48_1 Pin=R47-2
Added Pin To Net: NetName=NetC48_1 Pin=U11-7
Added Net: Name=NetC48_1
Added Pin To Net: NetName=NetC48_2 Pin=C48-2
Added Pin To Net: NetName=NetC48_2 Pin=R47-1
Added Pin To Net: NetName=NetC48_2 Pin=R49-2
Added Pin To Net: NetName=NetC48_2 Pin=U11-6
Added Net: Name=NetC48_2
Added Pin To Net: NetName=NetC49_1 Pin=C49-1
Added Pin To Net: NetName=NetC49_1 Pin=R45-2
Added Net: Name=NetC49_1
Added Pin To Net: NetName=NetC53_1 Pin=C53-1
Added Pin To Net: NetName=NetC53_1 Pin=R50-2
Added Pin To Net: NetName=NetC53_1 Pin=U12-2
Added Net: Name=NetC53_1
Added Pin To Net: NetName=NetC53_2 Pin=C53-2
Added Pin To Net: NetName=NetC53_2 Pin=R51-2
Added Pin To Net: NetName=NetC53_2 Pin=U12-3
Added Net: Name=NetC53_2
Added Pin To Net: NetName=NetC54_1 Pin=C54-1
Added Pin To Net: NetName=NetC54_1 Pin=R52-2
Added Pin To Net: NetName=NetC54_1 Pin=U12-7
Added Net: Name=NetC54_1
Added Pin To Net: NetName=NetC54_2 Pin=C54-2
Added Pin To Net: NetName=NetC54_2 Pin=R52-1
Added Pin To Net: NetName=NetC54_2 Pin=R53-2
Added Pin To Net: NetName=NetC54_2 Pin=U12-6
Added Net: Name=NetC54_2
Added Pin To Net: NetName=NetD4_2 Pin=D4-2
Added Pin To Net: NetName=NetD4_2 Pin=M4-3
Added Net: Name=NetD4_2
Added Pin To Net: NetName=NetD5_1 Pin=D5-1
Added Pin To Net: NetName=NetD5_1 Pin=D6-1
Added Pin To Net: NetName=NetD5_1 Pin=M4-2
Added Net: Name=NetD5_1
Added Pin To Net: NetName=NetD8_1 Pin=D8-1
Added Pin To Net: NetName=NetD8_1 Pin=D9-2
Added Pin To Net: NetName=NetD8_1 Pin=L2-2
Added Net: Name=NetD8_1
Added Pin To Net: NetName=NetD10_2 Pin=D10-2
Added Pin To Net: NetName=NetD10_2 Pin=L2-1
Added Pin To Net: NetName=NetD10_2 Pin=U8-18
Added Net: Name=NetD10_2
Added Pin To Net: NetName=NetM3_1 Pin=M3-1
Added Pin To Net: NetName=NetM3_1 Pin=R14-1
Added Pin To Net: NetName=NetM3_1 Pin=U6-1
Added Net: Name=NetM3_1
Added Pin To Net: NetName=NetM5_1 Pin=M5-1
Added Pin To Net: NetName=NetM5_1 Pin=R32-1
Added Pin To Net: NetName=NetM5_1 Pin=R33-2
Added Net: Name=NetM5_1
Added Pin To Net: NetName=NetR11_1 Pin=R11-1
Added Pin To Net: NetName=NetR11_1 Pin=R16-2
Added Pin To Net: NetName=NetR11_1 Pin=U6-2
Added Pin To Net: NetName=NetR11_1 Pin=U6-3
Added Pin To Net: NetName=NetR11_1 Pin=U6-5
Added Pin To Net: NetName=NetR11_1 Pin=U6-6
Added Net: Name=NetR11_1
Added Pin To Net: NetName=NetR12_1 Pin=R12-1
Added Pin To Net: NetName=NetR12_1 Pin=U7-1
Added Net: Name=NetR12_1
Added Pin To Net: NetName=NetR15_1 Pin=R15-1
Added Pin To Net: NetName=NetR15_1 Pin=R25-2
Added Pin To Net: NetName=NetR15_1 Pin=U5-5
Added Net: Name=NetR15_1
Added Pin To Net: NetName=NetR35_1 Pin=R35-1
Added Pin To Net: NetName=NetR35_1 Pin=R39-2
Added Pin To Net: NetName=NetR35_1 Pin=U8-13
Added Net: Name=NetR35_1
Added Pin To Net: NetName=NetR37_2 Pin=R37-2
Added Pin To Net: NetName=NetR37_2 Pin=U8-8
Added Net: Name=NetR37_2
Added Pin To Net: NetName=NetR40_2 Pin=R40-2
Added Pin To Net: NetName=NetR40_2 Pin=U8-7
Added Net: Name=NetR40_2
Added Pin To Net: NetName=NetR41_2 Pin=R41-2
Added Pin To Net: NetName=NetR41_2 Pin=U8-6
Added Net: Name=NetR41_2
Added Pin To Net: NetName=NetR54_1 Pin=R54-1
Added Pin To Net: NetName=NetR54_1 Pin=U13-4
Added Net: Name=NetR54_1
Added Pin To Net: NetName=NetR54_2 Pin=R54-2
Added Net: Name=NetR54_2
Added Pin To Net: NetName=NetU13_1 Pin=U13-1
Added Net: Name=NetU13_1
Added Pin To Net: NetName=NetU13_2 Pin=U13-2
Added Net: Name=NetU13_2
Added Pin To Net: NetName=NetU13_3 Pin=U13-3
Added Net: Name=NetU13_3
Added Pin To Net: NetName=NetU13_5 Pin=U13-5
Added Net: Name=NetU13_5
Added Pin To Net: NetName=V3_ISENSE_N Pin=R42-2
Added Pin To Net: NetName=V3_ISENSE_N Pin=R50-1
Added Pin To Net: NetName=V3_ISENSE_N Pin=U9-1
Added Net: Name=V3_ISENSE_N
Added Pin To Net: NetName=V3_ISENSE_P Pin=C9-1
Added Pin To Net: NetName=V3_ISENSE_P Pin=C44-1
Added Pin To Net: NetName=V3_ISENSE_P Pin=C55-1
Added Pin To Net: NetName=V3_ISENSE_P Pin=C56-1
Added Pin To Net: NetName=V3_ISENSE_P Pin=NT1-2
Added Pin To Net: NetName=V3_ISENSE_P Pin=R42-1
Added Pin To Net: NetName=V3_ISENSE_P Pin=R44-2
Added Pin To Net: NetName=V3_ISENSE_P Pin=R51-1
Added Pin To Net: NetName=V3_ISENSE_P Pin=U3-1
Added Pin To Net: NetName=V3_ISENSE_P Pin=U13-7
Added Net: Name=V3_ISENSE_P
Added Pin To Net: NetName=V5_ISENSE_N Pin=NT1-1
Added Pin To Net: NetName=V5_ISENSE_N Pin=R30-2
Added Pin To Net: NetName=V5_ISENSE_N Pin=R43-1
Added Net: Name=V5_ISENSE_N
Added Pin To Net: NetName=V5_ISENSE_P Pin=D4-1
Added Pin To Net: NetName=V5_ISENSE_P Pin=D7-1
Added Pin To Net: NetName=V5_ISENSE_P Pin=R30-1
Added Pin To Net: NetName=V5_ISENSE_P Pin=R46-1
Added Net: Name=V5_ISENSE_P
Added Pin To Net: NetName=V5_VSENSE_IN Pin=C51-1
Added Pin To Net: NetName=V5_VSENSE_IN Pin=R44-1
Added Pin To Net: NetName=V5_VSENSE_IN Pin=R48-2
Added Pin To Net: NetName=V5_VSENSE_IN Pin=U10-5
Added Net: Name=V5_VSENSE_IN
Added Pin To Net: NetName=V5_VSENSE_OUT Pin=C50-1
Added Pin To Net: NetName=V5_VSENSE_OUT Pin=R45-1
Added Pin To Net: NetName=V5_VSENSE_OUT Pin=U10-6
Added Pin To Net: NetName=V5_VSENSE_OUT Pin=U10-7
Added Net: Name=V5_VSENSE_OUT
Added Class: Name=OLED Display
Added Class: Name=Power
Added Differential Pair: Name=V3_ISENSE
Added Differential Pair: Name=V5_ISENSE
