(08:44:34.971) INFO: [TadState] TAD state init (NONE)
(09:04:54.341) INFO: [TadModel] DSF session ID 0 has started
(09:05:00.198) INFO: [TadState] TAD state changed from DEBUG_STARTED to DEBUG_INIT_0 (Suspended, USER_REQUEST)
(09:05:01.250) INFO: [TadState] TAD state changed from DEBUG_INIT_0 to DEBUG_INIT_1 (Resumed, USER_REQUEST)
(09:07:39.294) INFO: [TadModel] DSF session ID 1 has started
(09:07:48.192) INFO: [TadState] TAD state changed from DEBUG_STARTED to DEBUG_INIT_0 (Suspended, USER_REQUEST)
(09:07:48.672) INFO: [TadState] TAD state changed from DEBUG_INIT_0 to DEBUG_INIT_1 (Resumed, USER_REQUEST)
(09:13:47.388) INFO: [TadModel] DSF session ID 2 has started
(09:13:50.540) INFO: [TadState] TAD state changed from DEBUG_STARTED to DEBUG_INIT_0 (Suspended, USER_REQUEST)
(09:13:51.025) INFO: [TadState] TAD state changed from DEBUG_INIT_0 to DEBUG_INIT_1 (Resumed, USER_REQUEST)
(09:16:54.223) INFO: [TadModel] DSF session ID 3 has started
(09:16:57.498) INFO: [TadState] TAD state changed from DEBUG_STARTED to DEBUG_INIT_0 (Suspended, USER_REQUEST)
(09:16:57.978) INFO: [TadState] TAD state changed from DEBUG_INIT_0 to DEBUG_INIT_1 (Resumed, USER_REQUEST)
(09:42:12.077) INFO: [TadModel] DSF session ID 4 has started
(09:43:11.262) INFO: [TadModel] DSF session ID 5 has started
(09:43:13.140) INFO: [TadState] TAD state changed from DEBUG_STARTED to DEBUG_INIT_0 (Suspended, USER_REQUEST)
(09:43:14.156) INFO: [TadState] TAD state changed from DEBUG_INIT_0 to DEBUG_INIT_1 (Resumed, USER_REQUEST)
(09:51:58.109) INFO: [TadModel] DSF session ID 6 has started
(09:52:01.239) INFO: [TadState] TAD state changed from DEBUG_STARTED to DEBUG_INIT_0 (Suspended, USER_REQUEST)
(09:52:02.320) INFO: [TadState] TAD state changed from DEBUG_INIT_0 to DEBUG_INIT_1 (Resumed, USER_REQUEST)
(09:54:10.997) INFO: [TadModel] DSF session ID 7 has started
(09:54:14.450) INFO: [TadState] TAD state changed from DEBUG_STARTED to DEBUG_INIT_0 (Suspended, USER_REQUEST)
(09:54:14.936) INFO: [TadState] TAD state changed from DEBUG_INIT_0 to DEBUG_INIT_1 (Resumed, USER_REQUEST)
(09:56:40.941) INFO: [TadModel] DSF session ID 8 has started
(09:56:44.092) INFO: [TadState] TAD state changed from DEBUG_STARTED to DEBUG_INIT_0 (Suspended, USER_REQUEST)
(09:56:45.184) INFO: [TadState] TAD state changed from DEBUG_INIT_0 to DEBUG_INIT_1 (Resumed, USER_REQUEST)
(09:58:09.650) INFO: [TadModel] DSF session ID 9 has started
(09:58:12.777) INFO: [TadState] TAD state changed from DEBUG_STARTED to DEBUG_INIT_0 (Suspended, USER_REQUEST)
(09:58:13.264) INFO: [TadState] TAD state changed from DEBUG_INIT_0 to DEBUG_INIT_1 (Resumed, USER_REQUEST)
(09:59:03.124) INFO: [TadModel] DSF session ID 10 has started
(09:59:06.353) INFO: [TadState] TAD state changed from DEBUG_STARTED to DEBUG_INIT_0 (Suspended, USER_REQUEST)
(09:59:06.842) INFO: [TadState] TAD state changed from DEBUG_INIT_0 to DEBUG_INIT_1 (Resumed, USER_REQUEST)
(10:08:58.767) INFO: [TadModel] DSF session ID 11 has started
(10:09:07.611) INFO: [TadState] TAD state changed from DEBUG_STARTED to DEBUG_INIT_0 (Suspended, USER_REQUEST)
(10:09:08.123) INFO: [TadState] TAD state changed from DEBUG_INIT_0 to DEBUG_INIT_1 (Resumed, USER_REQUEST)
(10:09:43.801) INFO: [TadModel] DSF session ID 12 has started
(10:09:46.965) INFO: [TadState] TAD state changed from DEBUG_STARTED to DEBUG_INIT_0 (Suspended, USER_REQUEST)
(10:09:48.050) INFO: [TadState] TAD state changed from DEBUG_INIT_0 to DEBUG_INIT_1 (Resumed, USER_REQUEST)
(10:14:24.687) INFO: [TadModel] DSF session ID 13 has started
(10:14:33.042) INFO: [TadState] TAD state changed from DEBUG_STARTED to DEBUG_INIT_0 (Suspended, USER_REQUEST)
(10:14:33.585) INFO: [TadState] TAD state changed from DEBUG_INIT_0 to DEBUG_INIT_1 (Resumed, USER_REQUEST)
(10:16:29.857) INFO: [TadModel] DSF session ID 14 has started
(10:16:38.150) INFO: [TadState] TAD state changed from DEBUG_STARTED to DEBUG_INIT_0 (Suspended, USER_REQUEST)
(10:16:38.677) INFO: [TadState] TAD state changed from DEBUG_INIT_0 to DEBUG_INIT_1 (Resumed, USER_REQUEST)
(10:19:03.005) INFO: [TadModel] DSF session ID 15 has started
(10:19:06.519) INFO: [TadState] TAD state changed from DEBUG_STARTED to DEBUG_INIT_0 (Suspended, USER_REQUEST)
(10:19:07.604) INFO: [TadState] TAD state changed from DEBUG_INIT_0 to DEBUG_INIT_1 (Resumed, USER_REQUEST)
(10:25:41.877) INFO: [TadModel] DSF session ID 16 has started
(10:25:49.816) INFO: [TadState] TAD state changed from DEBUG_STARTED to DEBUG_INIT_0 (Suspended, USER_REQUEST)
(10:25:50.308) INFO: [TadState] TAD state changed from DEBUG_INIT_0 to DEBUG_INIT_1 (Resumed, USER_REQUEST)
(10:28:44.777) INFO: [TadModel] DSF session ID 17 has started
(10:28:53.796) INFO: [TadState] TAD state changed from DEBUG_STARTED to DEBUG_INIT_0 (Suspended, USER_REQUEST)
(10:28:54.313) INFO: [TadState] TAD state changed from DEBUG_INIT_0 to DEBUG_INIT_1 (Resumed, USER_REQUEST)
(17:32:56.964) INFO: [TadModel] DSF session ID 18 has started
(17:32:58.920) INFO: [TadState] TAD state changed from DEBUG_STARTED to DEBUG_INIT_0 (Suspended, USER_REQUEST)
(17:33:00.030) INFO: [TadState] TAD state changed from DEBUG_INIT_0 to DEBUG_INIT_1 (Resumed, USER_REQUEST)
(17:33:41.999) INFO: [TadModel] DSF session ID 19 has started
(17:33:45.097) INFO: [TadState] TAD state changed from DEBUG_STARTED to DEBUG_INIT_0 (Suspended, USER_REQUEST)
(17:33:46.184) INFO: [TadState] TAD state changed from DEBUG_INIT_0 to DEBUG_INIT_1 (Resumed, USER_REQUEST)
(17:34:16.823) INFO: [TadModel] DSF session ID 20 has started
(17:34:19.486) INFO: [TadState] TAD state changed from DEBUG_STARTED to DEBUG_INIT_0 (Suspended, USER_REQUEST)
(17:34:20.003) INFO: [TadState] TAD state changed from DEBUG_INIT_0 to DEBUG_INIT_1 (Resumed, USER_REQUEST)
(17:34:20.044) INFO: [TadState] TAD state changed from DEBUG_INIT_1 to DEBUG_SUSPENDED (Suspended, BREAKPOINT)
(17:34:23.264) INFO: [TadState] TAD state changed from DEBUG_SUSPENDED to DEBUG_RESUMED (Resumed, USER_REQUEST)
(17:34:43.767) INFO: [TadState] TAD state changed from DEBUG_RESUMED to READY (Suspended, SIGNAL)
(17:34:44.279) ReadingException: com.freescale.mqx.gdb.tad.model.globalstatus.TadGlobalStatusFactory.isMqxDataValid() at 60.line "readLongVariableSafely(_mqx_kernel_data)"
(17:34:44.279) ERROR: [TadGlobalStatusFactory] Kernel Data NOT valid (pointer: 0x0000)
(17:34:44.279) ERROR: [TadGlobalStatusFactory] MQX data not valid!
(17:34:44.279) INFO: [TadModel$3] Loading of TAD Global Status took 505 ms
(17:36:13.768) INFO: [TadModel] DSF session ID 21 has started
(17:36:30.240) INFO: [TadState] TAD state changed from DEBUG_STARTED to DEBUG_INIT_0 (Suspended, USER_REQUEST)
(17:36:31.276) INFO: [TadState] TAD state changed from DEBUG_INIT_0 to DEBUG_INIT_1 (Resumed, USER_REQUEST)
(17:37:08.894) INFO: [TadModel] DSF session ID 21 has ended
(17:37:24.692) INFO: [TadModel] DSF session ID 22 has started
(17:37:32.331) INFO: [TadState] TAD state changed from DEBUG_STARTED to DEBUG_INIT_0 (Suspended, USER_REQUEST)
(17:37:32.796) INFO: [TadState] TAD state changed from DEBUG_INIT_0 to DEBUG_INIT_1 (Resumed, USER_REQUEST)
(17:37:32.838) INFO: [TadState] TAD state changed from DEBUG_INIT_1 to DEBUG_SUSPENDED (Suspended, BREAKPOINT)
(17:37:35.151) INFO: [TadState] TAD state changed from DEBUG_SUSPENDED to DEBUG_RESUMED (Resumed, STEP)
(17:37:35.212) INFO: [TadState] TAD state changed from DEBUG_RESUMED to READY (Suspended, STEP)
(17:37:35.718) ReadingException: com.freescale.mqx.gdb.tad.model.globalstatus.TadGlobalStatusFactory.isMqxDataValid() at 60.line "readLongVariableSafely(_mqx_kernel_data)"
(17:37:35.718) ERROR: [TadGlobalStatusFactory] Kernel Data NOT valid (pointer: 0x0000)
(17:37:35.718) ERROR: [TadGlobalStatusFactory] MQX data not valid!
(17:37:35.718) INFO: [TadModel$3] Loading of TAD Global Status took 502 ms
(17:37:35.718) INFO: [TadGlobalStatusController] TAD global status data is ready!
(17:37:36.424) INFO: [TadState] TAD state changed from READY to DEBUG_RESUMED (Resumed, STEP)
(17:37:36.484) INFO: [TadState] TAD state changed from DEBUG_RESUMED to READY (Suspended, STEP)
(17:37:36.998) ReadingException: com.freescale.mqx.gdb.tad.model.globalstatus.TadGlobalStatusFactory.isMqxDataValid() at 60.line "readLongVariableSafely(_mqx_kernel_data)"
(17:37:36.998) ERROR: [TadGlobalStatusFactory] Kernel Data NOT valid (pointer: 0x0000)
(17:37:36.998) ERROR: [TadGlobalStatusFactory] MQX data not valid!
(17:37:36.998) INFO: [TadModel$3] Loading of TAD Global Status took 502 ms
(17:37:36.998) INFO: [TadGlobalStatusController] TAD global status data is ready!
(17:37:37.656) INFO: [TadState] TAD state changed from READY to DEBUG_RESUMED (Resumed, STEP)
(17:37:37.658) INFO: [TadState] TAD state changed from DEBUG_RESUMED to READY (Suspended, STEP)
(17:37:38.164) ReadingException: com.freescale.mqx.gdb.tad.model.globalstatus.TadGlobalStatusFactory.isMqxDataValid() at 60.line "readLongVariableSafely(_mqx_kernel_data)"
(17:37:38.164) ERROR: [TadGlobalStatusFactory] Kernel Data NOT valid (pointer: 0x0000)
(17:37:38.164) ERROR: [TadGlobalStatusFactory] MQX data not valid!
(17:37:38.164) INFO: [TadModel$3] Loading of TAD Global Status took 501 ms
(17:37:38.164) INFO: [TadGlobalStatusController] TAD global status data is ready!
(17:37:39.136) INFO: [TadState] TAD state changed from READY to DEBUG_RESUMED (Resumed, STEP)
(17:37:39.137) INFO: [TadState] TAD state changed from DEBUG_RESUMED to READY (Suspended, STEP)
(17:37:39.646) ReadingException: com.freescale.mqx.gdb.tad.model.globalstatus.TadGlobalStatusFactory.isMqxDataValid() at 60.line "readLongVariableSafely(_mqx_kernel_data)"
(17:37:39.646) ERROR: [TadGlobalStatusFactory] Kernel Data NOT valid (pointer: 0x0000)
(17:37:39.646) ERROR: [TadGlobalStatusFactory] MQX data not valid!
(17:37:39.646) INFO: [TadModel$3] Loading of TAD Global Status took 501 ms
(17:37:39.646) INFO: [TadGlobalStatusController] TAD global status data is ready!
(17:37:39.678) INFO: [TadState] TAD state changed from READY to DEBUG_RESUMED (Resumed, STEP)
(17:37:39.680) INFO: [TadState] TAD state changed from DEBUG_RESUMED to READY (Suspended, STEP)
(17:37:40.187) ReadingException: com.freescale.mqx.gdb.tad.model.globalstatus.TadGlobalStatusFactory.isMqxDataValid() at 60.line "readLongVariableSafely(_mqx_kernel_data)"
(17:37:40.187) ERROR: [TadGlobalStatusFactory] Kernel Data NOT valid (pointer: 0x0000)
(17:37:40.187) ERROR: [TadGlobalStatusFactory] MQX data not valid!
(17:37:40.187) INFO: [TadModel$3] Loading of TAD Global Status took 501 ms
(17:37:40.187) INFO: [TadGlobalStatusController] TAD global status data is ready!
(17:37:40.253) INFO: [TadState] TAD state changed from READY to DEBUG_RESUMED (Resumed, STEP)
(17:37:40.257) INFO: [TadState] TAD state changed from DEBUG_RESUMED to READY (Suspended, STEP)
(17:37:40.763) ReadingException: com.freescale.mqx.gdb.tad.model.globalstatus.TadGlobalStatusFactory.isMqxDataValid() at 60.line "readLongVariableSafely(_mqx_kernel_data)"
(17:37:40.763) ERROR: [TadGlobalStatusFactory] Kernel Data NOT valid (pointer: 0x0000)
(17:37:40.763) ERROR: [TadGlobalStatusFactory] MQX data not valid!
(17:37:40.763) INFO: [TadModel$3] Loading of TAD Global Status took 501 ms
(17:37:40.763) INFO: [TadGlobalStatusController] TAD global status data is ready!
(17:37:40.819) INFO: [TadState] TAD state changed from READY to DEBUG_RESUMED (Resumed, STEP)
(17:37:40.821) INFO: [TadState] TAD state changed from DEBUG_RESUMED to READY (Suspended, STEP)
(17:37:41.297) INFO: [TadState] TAD state changed from READY to DEBUG_RESUMED (Resumed, STEP)
(17:37:41.297) INFO: [TadState] TAD state changed from DEBUG_RESUMED to READY (Suspended, STEP)
(17:37:41.326) ReadingException: com.freescale.mqx.gdb.tad.model.globalstatus.TadGlobalStatusFactory.isMqxDataValid() at 60.line "readLongVariableSafely(_mqx_kernel_data)"
(17:37:41.326) ERROR: [TadGlobalStatusFactory] Kernel Data NOT valid (pointer: 0x0000)
(17:37:41.326) ERROR: [TadGlobalStatusFactory] MQX data not valid!
(17:37:41.326) INFO: [TadModel$3] Loading of TAD Global Status took 501 ms
(17:37:41.827) ReadingException: com.freescale.mqx.gdb.tad.model.globalstatus.TadGlobalStatusFactory.isMqxDataValid() at 60.line "readLongVariableSafely(_mqx_kernel_data)"
(17:37:41.827) ERROR: [TadGlobalStatusFactory] Kernel Data NOT valid (pointer: 0x0000)
(17:37:41.827) ERROR: [TadGlobalStatusFactory] MQX data not valid!
(17:37:41.827) INFO: [TadModel$3] Loading of TAD Global Status took 525 ms
(17:37:41.827) INFO: [TadGlobalStatusController] TAD global status data is ready!
(17:37:43.928) INFO: [TadState] TAD state changed from READY to DEBUG_RESUMED (Resumed, USER_REQUEST)
(17:38:31.171) INFO: [TadState] TAD state changed from DEBUG_RESUMED to READY (Suspended, SIGNAL)
(17:38:31.677) ReadingException: com.freescale.mqx.gdb.tad.model.globalstatus.TadGlobalStatusFactory.isMqxDataValid() at 60.line "readLongVariableSafely(_mqx_kernel_data)"
(17:38:31.677) ERROR: [TadGlobalStatusFactory] Kernel Data NOT valid (pointer: 0x0000)
(17:38:31.677) ERROR: [TadGlobalStatusFactory] MQX data not valid!
(17:38:31.677) INFO: [TadModel$3] Loading of TAD Global Status took 501 ms
(17:38:31.677) INFO: [TadGlobalStatusController] TAD global status data is ready!
(17:38:32.213) INFO: [TadModel] DSF session ID 22 has ended
(17:39:39.419) INFO: [TadModel] DSF session ID 23 has started
(17:39:47.024) INFO: [TadState] TAD state changed from DEBUG_STARTED to DEBUG_INIT_0 (Suspended, USER_REQUEST)
(17:39:47.497) INFO: [TadState] TAD state changed from DEBUG_INIT_0 to DEBUG_INIT_1 (Resumed, USER_REQUEST)
(17:39:51.019) INFO: [TadModel] DSF session ID 23 has ended
(17:40:42.645) INFO: [TadModel] DSF session ID 24 has started
(17:40:44.596) INFO: [TadState] TAD state changed from DEBUG_STARTED to DEBUG_INIT_0 (Suspended, USER_REQUEST)
(17:40:45.105) INFO: [TadState] TAD state changed from DEBUG_INIT_0 to DEBUG_INIT_1 (Resumed, USER_REQUEST)
(17:40:45.145) INFO: [TadState] TAD state changed from DEBUG_INIT_1 to DEBUG_SUSPENDED (Suspended, BREAKPOINT)
(17:40:47.978) INFO: [TadState] TAD state changed from DEBUG_SUSPENDED to DEBUG_RESUMED (Resumed, USER_REQUEST)
(17:40:57.276) INFO: [TadState] TAD state changed from DEBUG_RESUMED to READY (Suspended, SIGNAL)
(17:40:57.781) ReadingException: com.freescale.mqx.gdb.tad.model.globalstatus.TadGlobalStatusFactory.isMqxDataValid() at 60.line "readLongVariableSafely(_mqx_kernel_data)"
(17:40:57.781) ERROR: [TadGlobalStatusFactory] Kernel Data NOT valid (pointer: 0x0000)
(17:40:57.781) ERROR: [TadGlobalStatusFactory] MQX data not valid!
(17:40:57.781) INFO: [TadModel$3] Loading of TAD Global Status took 501 ms
(17:40:57.782) INFO: [TadGlobalStatusController] TAD global status data is ready!
(17:40:58.313) INFO: [TadModel] DSF session ID 24 has ended
(17:41:00.370) INFO: [TadModel] DSF session ID 25 has started
(17:41:02.283) INFO: [TadState] TAD state changed from DEBUG_STARTED to DEBUG_INIT_0 (Suspended, USER_REQUEST)
(17:41:02.790) INFO: [TadState] TAD state changed from DEBUG_INIT_0 to DEBUG_INIT_1 (Resumed, USER_REQUEST)
(17:41:02.829) INFO: [TadState] TAD state changed from DEBUG_INIT_1 to DEBUG_SUSPENDED (Suspended, BREAKPOINT)
(17:41:04.653) INFO: [TadState] TAD state changed from DEBUG_SUSPENDED to DEBUG_RESUMED (Resumed, STEP)
(17:41:04.728) INFO: [TadState] TAD state changed from DEBUG_RESUMED to READY (Suspended, STEP)
(17:41:05.180) INFO: [TadState] TAD state changed from READY to DEBUG_RESUMED (Resumed, STEP)
(17:41:05.233) ReadingException: com.freescale.mqx.gdb.tad.model.globalstatus.TadGlobalStatusFactory.isMqxDataValid() at 60.line "readLongVariableSafely(_mqx_kernel_data)"
(17:41:05.233) ERROR: [TadGlobalStatusFactory] Kernel Data NOT valid (pointer: 0x0000)
(17:41:05.233) ERROR: [TadGlobalStatusFactory] MQX data not valid!
(17:41:05.233) INFO: [TadModel$3] Loading of TAD Global Status took 501 ms
(17:41:05.259) INFO: [TadState] TAD state changed from DEBUG_RESUMED to READY (Suspended, STEP)
(17:41:05.765) ReadingException: com.freescale.mqx.gdb.tad.model.globalstatus.TadGlobalStatusFactory.isMqxDataValid() at 60.line "readLongVariableSafely(_mqx_kernel_data)"
(17:41:05.765) ERROR: [TadGlobalStatusFactory] Kernel Data NOT valid (pointer: 0x0000)
(17:41:05.765) ERROR: [TadGlobalStatusFactory] MQX data not valid!
(17:41:05.765) INFO: [TadModel$3] Loading of TAD Global Status took 501 ms
(17:41:05.765) INFO: [TadGlobalStatusController] TAD global status data is ready!
(17:41:17.764) INFO: [TadState] TAD state changed from READY to DEBUG_RESUMED (Resumed, USER_REQUEST)
(17:41:50.370) INFO: [TadState] TAD state changed from DEBUG_RESUMED to READY (Suspended, SIGNAL)
(17:41:50.877) ReadingException: com.freescale.mqx.gdb.tad.model.globalstatus.TadGlobalStatusFactory.isMqxDataValid() at 60.line "readLongVariableSafely(_mqx_kernel_data)"
(17:41:50.877) ERROR: [TadGlobalStatusFactory] Kernel Data NOT valid (pointer: 0x0000)
(17:41:50.877) ERROR: [TadGlobalStatusFactory] MQX data not valid!
(17:41:50.877) INFO: [TadModel$3] Loading of TAD Global Status took 501 ms
(17:41:50.877) INFO: [TadGlobalStatusController] TAD global status data is ready!
(17:41:51.416) INFO: [TadModel] DSF session ID 25 has ended
(17:41:54.446) INFO: [TadModel] DSF session ID 26 has started
(17:41:57.787) INFO: [TadState] TAD state changed from DEBUG_STARTED to DEBUG_INIT_0 (Suspended, USER_REQUEST)
(17:41:58.909) INFO: [TadState] TAD state changed from DEBUG_INIT_0 to DEBUG_INIT_1 (Resumed, USER_REQUEST)
(17:41:58.949) INFO: [TadState] TAD state changed from DEBUG_INIT_1 to DEBUG_SUSPENDED (Suspended, BREAKPOINT)
(17:42:00.043) INFO: [TadState] TAD state changed from DEBUG_SUSPENDED to DEBUG_RESUMED (Resumed, STEP)
(17:42:00.107) INFO: [TadState] TAD state changed from DEBUG_RESUMED to READY (Suspended, STEP)
(17:42:00.613) ReadingException: com.freescale.mqx.gdb.tad.model.globalstatus.TadGlobalStatusFactory.isMqxDataValid() at 60.line "readLongVariableSafely(_mqx_kernel_data)"
(17:42:00.613) ERROR: [TadGlobalStatusFactory] Kernel Data NOT valid (pointer: 0x0000)
(17:42:00.613) ERROR: [TadGlobalStatusFactory] MQX data not valid!
(17:42:00.613) INFO: [TadModel$3] Loading of TAD Global Status took 501 ms
(17:42:00.613) INFO: [TadGlobalStatusController] TAD global status data is ready!
(17:42:01.111) INFO: [TadState] TAD state changed from READY to DEBUG_RESUMED (Resumed, STEP)
(17:42:01.169) INFO: [TadState] TAD state changed from DEBUG_RESUMED to READY (Suspended, STEP)
(17:42:01.675) ReadingException: com.freescale.mqx.gdb.tad.model.globalstatus.TadGlobalStatusFactory.isMqxDataValid() at 60.line "readLongVariableSafely(_mqx_kernel_data)"
(17:42:01.675) ERROR: [TadGlobalStatusFactory] Kernel Data NOT valid (pointer: 0x0000)
(17:42:01.675) ERROR: [TadGlobalStatusFactory] MQX data not valid!
(17:42:01.675) INFO: [TadModel$3] Loading of TAD Global Status took 501 ms
(17:42:01.675) INFO: [TadGlobalStatusController] TAD global status data is ready!
(17:42:01.993) INFO: [TadState] TAD state changed from READY to DEBUG_RESUMED (Resumed, STEP)
(17:42:01.998) INFO: [TadState] TAD state changed from DEBUG_RESUMED to READY (Suspended, STEP)
(17:42:02.505) ReadingException: com.freescale.mqx.gdb.tad.model.globalstatus.TadGlobalStatusFactory.isMqxDataValid() at 60.line "readLongVariableSafely(_mqx_kernel_data)"
(17:42:02.505) ERROR: [TadGlobalStatusFactory] Kernel Data NOT valid (pointer: 0x0000)
(17:42:02.505) ERROR: [TadGlobalStatusFactory] MQX data not valid!
(17:42:02.505) INFO: [TadModel$3] Loading of TAD Global Status took 501 ms
(17:42:02.505) INFO: [TadGlobalStatusController] TAD global status data is ready!
(17:42:03.553) INFO: [TadState] TAD state changed from READY to DEBUG_RESUMED (Resumed, STEP)
(17:42:03.558) INFO: [TadState] TAD state changed from DEBUG_RESUMED to READY (Suspended, STEP)
(17:42:04.064) ReadingException: com.freescale.mqx.gdb.tad.model.globalstatus.TadGlobalStatusFactory.isMqxDataValid() at 60.line "readLongVariableSafely(_mqx_kernel_data)"
(17:42:04.064) ERROR: [TadGlobalStatusFactory] Kernel Data NOT valid (pointer: 0x0000)
(17:42:04.064) ERROR: [TadGlobalStatusFactory] MQX data not valid!
(17:42:04.064) INFO: [TadModel$3] Loading of TAD Global Status took 501 ms
(17:42:04.064) INFO: [TadGlobalStatusController] TAD global status data is ready!
(17:42:04.260) INFO: [TadState] TAD state changed from READY to DEBUG_RESUMED (Resumed, STEP)
(17:42:04.261) INFO: [TadState] TAD state changed from DEBUG_RESUMED to READY (Suspended, STEP)
(17:42:04.767) ReadingException: com.freescale.mqx.gdb.tad.model.globalstatus.TadGlobalStatusFactory.isMqxDataValid() at 60.line "readLongVariableSafely(_mqx_kernel_data)"
(17:42:04.767) ERROR: [TadGlobalStatusFactory] Kernel Data NOT valid (pointer: 0x0000)
(17:42:04.767) ERROR: [TadGlobalStatusFactory] MQX data not valid!
(17:42:04.767) INFO: [TadModel$3] Loading of TAD Global Status took 501 ms
(17:42:04.767) INFO: [TadGlobalStatusController] TAD global status data is ready!
(17:42:04.933) INFO: [TadState] TAD state changed from READY to DEBUG_RESUMED (Resumed, STEP)
(17:42:04.938) INFO: [TadState] TAD state changed from DEBUG_RESUMED to READY (Suspended, STEP)
(17:42:05.445) ReadingException: com.freescale.mqx.gdb.tad.model.globalstatus.TadGlobalStatusFactory.isMqxDataValid() at 60.line "readLongVariableSafely(_mqx_kernel_data)"
(17:42:05.445) ERROR: [TadGlobalStatusFactory] Kernel Data NOT valid (pointer: 0x0000)
(17:42:05.445) ERROR: [TadGlobalStatusFactory] MQX data not valid!
(17:42:05.445) INFO: [TadModel$3] Loading of TAD Global Status took 502 ms
(17:42:05.445) INFO: [TadGlobalStatusController] TAD global status data is ready!
(17:42:05.762) INFO: [TadState] TAD state changed from READY to DEBUG_RESUMED (Resumed, STEP)
(17:42:05.764) INFO: [TadState] TAD state changed from DEBUG_RESUMED to READY (Suspended, STEP)
(17:42:06.270) ReadingException: com.freescale.mqx.gdb.tad.model.globalstatus.TadGlobalStatusFactory.isMqxDataValid() at 60.line "readLongVariableSafely(_mqx_kernel_data)"
(17:42:06.270) ERROR: [TadGlobalStatusFactory] Kernel Data NOT valid (pointer: 0x0000)
(17:42:06.270) ERROR: [TadGlobalStatusFactory] MQX data not valid!
(17:42:06.270) INFO: [TadModel$3] Loading of TAD Global Status took 501 ms
(17:42:06.270) INFO: [TadGlobalStatusController] TAD global status data is ready!
(17:42:06.445) INFO: [TadState] TAD state changed from READY to DEBUG_RESUMED (Resumed, STEP)
(17:42:06.451) INFO: [TadState] TAD state changed from DEBUG_RESUMED to READY (Suspended, STEP)
(17:42:06.956) ReadingException: com.freescale.mqx.gdb.tad.model.globalstatus.TadGlobalStatusFactory.isMqxDataValid() at 60.line "readLongVariableSafely(_mqx_kernel_data)"
(17:42:06.956) ERROR: [TadGlobalStatusFactory] Kernel Data NOT valid (pointer: 0x0000)
(17:42:06.956) ERROR: [TadGlobalStatusFactory] MQX data not valid!
(17:42:06.956) INFO: [TadModel$3] Loading of TAD Global Status took 501 ms
(17:42:06.956) INFO: [TadGlobalStatusController] TAD global status data is ready!
(17:42:07.754) INFO: [TadState] TAD state changed from READY to DEBUG_RESUMED (Resumed, STEP)
(17:42:07.755) INFO: [TadState] TAD state changed from DEBUG_RESUMED to READY (Suspended, STEP)
(17:42:08.261) ReadingException: com.freescale.mqx.gdb.tad.model.globalstatus.TadGlobalStatusFactory.isMqxDataValid() at 60.line "readLongVariableSafely(_mqx_kernel_data)"
(17:42:08.261) ERROR: [TadGlobalStatusFactory] Kernel Data NOT valid (pointer: 0x0000)
(17:42:08.261) ERROR: [TadGlobalStatusFactory] MQX data not valid!
(17:42:08.261) INFO: [TadModel$3] Loading of TAD Global Status took 501 ms
(17:42:08.261) INFO: [TadGlobalStatusController] TAD global status data is ready!
(17:42:08.527) INFO: [TadState] TAD state changed from READY to DEBUG_RESUMED (Resumed, STEP)
(17:42:08.532) INFO: [TadState] TAD state changed from DEBUG_RESUMED to READY (Suspended, STEP)
(17:42:09.038) ReadingException: com.freescale.mqx.gdb.tad.model.globalstatus.TadGlobalStatusFactory.isMqxDataValid() at 60.line "readLongVariableSafely(_mqx_kernel_data)"
(17:42:09.038) ERROR: [TadGlobalStatusFactory] Kernel Data NOT valid (pointer: 0x0000)
(17:42:09.038) ERROR: [TadGlobalStatusFactory] MQX data not valid!
(17:42:09.038) INFO: [TadModel$3] Loading of TAD Global Status took 501 ms
(17:42:09.038) INFO: [TadGlobalStatusController] TAD global status data is ready!
(17:42:09.336) INFO: [TadState] TAD state changed from READY to DEBUG_RESUMED (Resumed, STEP)
(17:42:09.337) INFO: [TadState] TAD state changed from DEBUG_RESUMED to READY (Suspended, STEP)
(17:42:09.843) ReadingException: com.freescale.mqx.gdb.tad.model.globalstatus.TadGlobalStatusFactory.isMqxDataValid() at 60.line "readLongVariableSafely(_mqx_kernel_data)"
(17:42:09.843) ERROR: [TadGlobalStatusFactory] Kernel Data NOT valid (pointer: 0x0000)
(17:42:09.843) ERROR: [TadGlobalStatusFactory] MQX data not valid!
(17:42:09.843) INFO: [TadModel$3] Loading of TAD Global Status took 502 ms
(17:42:09.843) INFO: [TadGlobalStatusController] TAD global status data is ready!
(17:42:12.011) INFO: [TadState] TAD state changed from READY to DEBUG_RESUMED (Resumed, USER_REQUEST)
(17:42:53.678) INFO: [TadState] TAD state changed from DEBUG_RESUMED to READY (Suspended, SIGNAL)
(17:42:54.184) ReadingException: com.freescale.mqx.gdb.tad.model.globalstatus.TadGlobalStatusFactory.isMqxDataValid() at 60.line "readLongVariableSafely(_mqx_kernel_data)"
(17:42:54.184) ERROR: [TadGlobalStatusFactory] Kernel Data NOT valid (pointer: 0x0000)
(17:42:54.184) ERROR: [TadGlobalStatusFactory] MQX data not valid!
(17:42:54.184) INFO: [TadModel$3] Loading of TAD Global Status took 501 ms
(17:42:54.184) INFO: [TadGlobalStatusController] TAD global status data is ready!
(17:42:54.714) INFO: [TadModel] DSF session ID 26 has ended
(17:46:18.667) INFO: [TadModel] DSF session ID 27 has started
(17:46:53.895) INFO: [TadState] TAD state changed from DEBUG_STARTED to DEBUG_INIT_0 (Suspended, USER_REQUEST)
(17:46:55.008) INFO: [TadState] TAD state changed from DEBUG_INIT_0 to DEBUG_INIT_1 (Resumed, USER_REQUEST)
(17:46:55.047) INFO: [TadState] TAD state changed from DEBUG_INIT_1 to DEBUG_SUSPENDED (Suspended, BREAKPOINT)
(17:47:05.372) INFO: [TadState] TAD state changed from DEBUG_SUSPENDED to DEBUG_RESUMED (Resumed, STEP)
(17:47:05.433) INFO: [TadState] TAD state changed from DEBUG_RESUMED to READY (Suspended, STEP)
(17:47:05.939) ReadingException: com.freescale.mqx.gdb.tad.model.globalstatus.TadGlobalStatusFactory.isMqxDataValid() at 60.line "readLongVariableSafely(_mqx_kernel_data)"
(17:47:05.939) ERROR: [TadGlobalStatusFactory] Kernel Data NOT valid (pointer: 0x0000)
(17:47:05.939) ERROR: [TadGlobalStatusFactory] MQX data not valid!
(17:47:05.939) INFO: [TadModel$3] Loading of TAD Global Status took 501 ms
(17:47:05.939) INFO: [TadGlobalStatusController] TAD global status data is ready!
(17:47:06.936) INFO: [TadState] TAD state changed from READY to DEBUG_RESUMED (Resumed, STEP)
(17:47:07.025) INFO: [TadState] TAD state changed from DEBUG_RESUMED to READY (Suspended, BREAKPOINT)
(17:47:07.531) ReadingException: com.freescale.mqx.gdb.tad.model.globalstatus.TadGlobalStatusFactory.isMqxDataValid() at 60.line "readLongVariableSafely(_mqx_kernel_data)"
(17:47:07.531) ERROR: [TadGlobalStatusFactory] Kernel Data NOT valid (pointer: 0x0000)
(17:47:07.531) ERROR: [TadGlobalStatusFactory] MQX data not valid!
(17:47:07.531) INFO: [TadModel$3] Loading of TAD Global Status took 501 ms
(17:47:07.532) INFO: [TadGlobalStatusController] TAD global status data is ready!
(17:47:16.740) INFO: [TadModel] DSF session ID 27 has ended
(17:47:19.060) INFO: [TadModel] DSF session ID 28 has started
(17:47:20.927) INFO: [TadState] TAD state changed from DEBUG_STARTED to DEBUG_INIT_0 (Suspended, USER_REQUEST)
(17:47:21.355) INFO: [TadState] TAD state changed from DEBUG_INIT_0 to DEBUG_INIT_1 (Resumed, USER_REQUEST)
(17:47:53.520) INFO: [TadModel] DSF session ID 28 has ended
(17:47:57.805) INFO: [TadModel] DSF session ID 29 has started
(17:47:59.656) INFO: [TadState] TAD state changed from DEBUG_STARTED to DEBUG_INIT_0 (Suspended, USER_REQUEST)
(17:48:00.077) INFO: [TadState] TAD state changed from DEBUG_INIT_0 to DEBUG_INIT_1 (Resumed, USER_REQUEST)
(17:48:45.874) INFO: [TadModel] DSF session ID 29 has ended
(17:48:47.068) INFO: [TadModel] DSF session ID 30 has started
(17:48:49.020) INFO: [TadState] TAD state changed from DEBUG_STARTED to DEBUG_INIT_0 (Suspended, USER_REQUEST)
(17:48:49.516) INFO: [TadState] TAD state changed from DEBUG_INIT_0 to DEBUG_INIT_1 (Resumed, USER_REQUEST)
(17:48:49.555) INFO: [TadState] TAD state changed from DEBUG_INIT_1 to DEBUG_SUSPENDED (Suspended, BREAKPOINT)
(17:48:52.130) INFO: [TadState] TAD state changed from DEBUG_SUSPENDED to DEBUG_RESUMED (Resumed, STEP)
(17:48:52.191) INFO: [TadState] TAD state changed from DEBUG_RESUMED to READY (Suspended, STEP)
(17:48:52.697) ReadingException: com.freescale.mqx.gdb.tad.model.globalstatus.TadGlobalStatusFactory.isMqxDataValid() at 60.line "readLongVariableSafely(_mqx_kernel_data)"
(17:48:52.697) ERROR: [TadGlobalStatusFactory] Kernel Data NOT valid (pointer: 0x0000)
(17:48:52.697) ERROR: [TadGlobalStatusFactory] MQX data not valid!
(17:48:52.697) INFO: [TadModel$3] Loading of TAD Global Status took 501 ms
(17:48:52.697) INFO: [TadGlobalStatusController] TAD global status data is ready!
(17:48:53.025) INFO: [TadState] TAD state changed from READY to DEBUG_RESUMED (Resumed, STEP)
(17:48:53.083) INFO: [TadState] TAD state changed from DEBUG_RESUMED to READY (Suspended, STEP)
(17:48:53.589) ReadingException: com.freescale.mqx.gdb.tad.model.globalstatus.TadGlobalStatusFactory.isMqxDataValid() at 60.line "readLongVariableSafely(_mqx_kernel_data)"
(17:48:53.589) ERROR: [TadGlobalStatusFactory] Kernel Data NOT valid (pointer: 0x0000)
(17:48:53.589) ERROR: [TadGlobalStatusFactory] MQX data not valid!
(17:48:53.589) INFO: [TadModel$3] Loading of TAD Global Status took 501 ms
(17:48:53.589) INFO: [TadGlobalStatusController] TAD global status data is ready!
(17:48:54.750) INFO: [TadState] TAD state changed from READY to DEBUG_RESUMED (Resumed, STEP)
(17:48:54.758) INFO: [TadState] TAD state changed from DEBUG_RESUMED to READY (Suspended, STEP)
(17:48:55.272) ReadingException: com.freescale.mqx.gdb.tad.model.globalstatus.TadGlobalStatusFactory.isMqxDataValid() at 60.line "readLongVariableSafely(_mqx_kernel_data)"
(17:48:55.272) ERROR: [TadGlobalStatusFactory] Kernel Data NOT valid (pointer: 0x0000)
(17:48:55.272) ERROR: [TadGlobalStatusFactory] MQX data not valid!
(17:48:55.272) INFO: [TadModel$3] Loading of TAD Global Status took 502 ms
(17:48:55.272) INFO: [TadGlobalStatusController] TAD global status data is ready!
(17:48:55.891) INFO: [TadState] TAD state changed from READY to DEBUG_RESUMED (Resumed, STEP)
(17:48:55.898) INFO: [TadState] TAD state changed from DEBUG_RESUMED to READY (Suspended, STEP)
(17:48:56.404) ReadingException: com.freescale.mqx.gdb.tad.model.globalstatus.TadGlobalStatusFactory.isMqxDataValid() at 60.line "readLongVariableSafely(_mqx_kernel_data)"
(17:48:56.404) ERROR: [TadGlobalStatusFactory] Kernel Data NOT valid (pointer: 0x0000)
(17:48:56.404) ERROR: [TadGlobalStatusFactory] MQX data not valid!
(17:48:56.404) INFO: [TadModel$3] Loading of TAD Global Status took 501 ms
(17:48:56.404) INFO: [TadGlobalStatusController] TAD global status data is ready!
(17:48:56.929) INFO: [TadState] TAD state changed from READY to DEBUG_RESUMED (Resumed, STEP)
(17:48:56.931) INFO: [TadState] TAD state changed from DEBUG_RESUMED to READY (Suspended, STEP)
(17:48:57.437) ReadingException: com.freescale.mqx.gdb.tad.model.globalstatus.TadGlobalStatusFactory.isMqxDataValid() at 60.line "readLongVariableSafely(_mqx_kernel_data)"
(17:48:57.437) ERROR: [TadGlobalStatusFactory] Kernel Data NOT valid (pointer: 0x0000)
(17:48:57.437) ERROR: [TadGlobalStatusFactory] MQX data not valid!
(17:48:57.437) INFO: [TadModel$3] Loading of TAD Global Status took 501 ms
(17:48:57.437) INFO: [TadGlobalStatusController] TAD global status data is ready!
(17:48:58.305) INFO: [TadState] TAD state changed from READY to DEBUG_RESUMED (Resumed, USER_REQUEST)
(17:49:07.307) INFO: [TadState] TAD state changed from DEBUG_RESUMED to READY (Suspended, SIGNAL)
(17:49:07.813) ReadingException: com.freescale.mqx.gdb.tad.model.globalstatus.TadGlobalStatusFactory.isMqxDataValid() at 60.line "readLongVariableSafely(_mqx_kernel_data)"
(17:49:07.813) ERROR: [TadGlobalStatusFactory] Kernel Data NOT valid (pointer: 0x0000)
(17:49:07.813) ERROR: [TadGlobalStatusFactory] MQX data not valid!
(17:49:07.813) INFO: [TadModel$3] Loading of TAD Global Status took 501 ms
(17:49:07.813) INFO: [TadGlobalStatusController] TAD global status data is ready!
(17:49:08.352) INFO: [TadModel] DSF session ID 30 has ended
(17:49:13.000) INFO: [TadModel] DSF session ID 31 has started
(17:49:14.829) INFO: [TadState] TAD state changed from DEBUG_STARTED to DEBUG_INIT_0 (Suspended, USER_REQUEST)
(17:49:15.339) INFO: [TadState] TAD state changed from DEBUG_INIT_0 to DEBUG_INIT_1 (Resumed, USER_REQUEST)
(17:49:15.378) INFO: [TadState] TAD state changed from DEBUG_INIT_1 to DEBUG_SUSPENDED (Suspended, BREAKPOINT)
(17:49:16.281) INFO: [TadState] TAD state changed from DEBUG_SUSPENDED to DEBUG_RESUMED (Resumed, USER_REQUEST)
(17:49:20.827) INFO: [TadState] TAD state changed from DEBUG_RESUMED to READY (Suspended, SIGNAL)
(17:49:21.333) ReadingException: com.freescale.mqx.gdb.tad.model.globalstatus.TadGlobalStatusFactory.isMqxDataValid() at 60.line "readLongVariableSafely(_mqx_kernel_data)"
(17:49:21.333) ERROR: [TadGlobalStatusFactory] Kernel Data NOT valid (pointer: 0x0000)
(17:49:21.333) ERROR: [TadGlobalStatusFactory] MQX data not valid!
(17:49:21.333) INFO: [TadModel$3] Loading of TAD Global Status took 501 ms
(17:49:21.333) INFO: [TadGlobalStatusController] TAD global status data is ready!
(17:49:21.877) INFO: [TadModel] DSF session ID 31 has ended
(17:49:26.298) INFO: [TadModel] DSF session ID 32 has started
(17:49:28.122) INFO: [TadState] TAD state changed from DEBUG_STARTED to DEBUG_INIT_0 (Suspended, USER_REQUEST)
(17:49:28.621) INFO: [TadState] TAD state changed from DEBUG_INIT_0 to DEBUG_INIT_1 (Resumed, USER_REQUEST)
(17:49:28.661) INFO: [TadState] TAD state changed from DEBUG_INIT_1 to DEBUG_SUSPENDED (Suspended, BREAKPOINT)
(17:49:30.512) INFO: [TadState] TAD state changed from DEBUG_SUSPENDED to DEBUG_RESUMED (Resumed, STEP)
(17:49:30.574) INFO: [TadState] TAD state changed from DEBUG_RESUMED to READY (Suspended, STEP)
(17:49:31.049) INFO: [TadState] TAD state changed from READY to DEBUG_RESUMED (Resumed, STEP)
(17:49:31.080) ReadingException: com.freescale.mqx.gdb.tad.model.globalstatus.TadGlobalStatusFactory.isMqxDataValid() at 60.line "readLongVariableSafely(_mqx_kernel_data)"
(17:49:31.080) ERROR: [TadGlobalStatusFactory] Kernel Data NOT valid (pointer: 0x0000)
(17:49:31.080) ERROR: [TadGlobalStatusFactory] MQX data not valid!
(17:49:31.080) INFO: [TadModel$3] Loading of TAD Global Status took 501 ms
(17:49:31.107) INFO: [TadState] TAD state changed from DEBUG_RESUMED to READY (Suspended, STEP)
(17:49:31.592) INFO: [TadState] TAD state changed from READY to DEBUG_RESUMED (Resumed, STEP)
(17:49:31.597) INFO: [TadState] TAD state changed from DEBUG_RESUMED to READY (Suspended, STEP)
(17:49:31.613) ReadingException: com.freescale.mqx.gdb.tad.model.globalstatus.TadGlobalStatusFactory.isMqxDataValid() at 60.line "readLongVariableSafely(_mqx_kernel_data)"
(17:49:31.613) ERROR: [TadGlobalStatusFactory] Kernel Data NOT valid (pointer: 0x0000)
(17:49:31.613) ERROR: [TadGlobalStatusFactory] MQX data not valid!
(17:49:31.613) INFO: [TadModel$3] Loading of TAD Global Status took 501 ms
(17:49:32.114) ReadingException: com.freescale.mqx.gdb.tad.model.globalstatus.TadGlobalStatusFactory.isMqxDataValid() at 60.line "readLongVariableSafely(_mqx_kernel_data)"
(17:49:32.114) ERROR: [TadGlobalStatusFactory] Kernel Data NOT valid (pointer: 0x0000)
(17:49:32.114) ERROR: [TadGlobalStatusFactory] MQX data not valid!
(17:49:32.114) INFO: [TadModel$3] Loading of TAD Global Status took 513 ms
(17:49:32.115) INFO: [TadGlobalStatusController] TAD global status data is ready!
(17:49:32.329) INFO: [TadState] TAD state changed from READY to DEBUG_RESUMED (Resumed, STEP)
(17:49:32.334) INFO: [TadState] TAD state changed from DEBUG_RESUMED to READY (Suspended, STEP)
(17:49:32.596) INFO: [TadState] TAD state changed from READY to DEBUG_RESUMED (Resumed, STEP)
(17:49:32.598) INFO: [TadState] TAD state changed from DEBUG_RESUMED to READY (Suspended, STEP)
(17:49:32.841) ReadingException: com.freescale.mqx.gdb.tad.model.globalstatus.TadGlobalStatusFactory.isMqxDataValid() at 60.line "readLongVariableSafely(_mqx_kernel_data)"
(17:49:32.841) ERROR: [TadGlobalStatusFactory] Kernel Data NOT valid (pointer: 0x0000)
(17:49:32.841) ERROR: [TadGlobalStatusFactory] MQX data not valid!
(17:49:32.841) INFO: [TadModel$3] Loading of TAD Global Status took 501 ms
(17:49:33.189) INFO: [TadState] TAD state changed from READY to DEBUG_RESUMED (Resumed, STEP)
(17:49:33.194) INFO: [TadState] TAD state changed from DEBUG_RESUMED to READY (Suspended, STEP)
(17:49:33.337) INFO: [TadState] TAD state changed from READY to DEBUG_RESUMED (Resumed, STEP)
(17:49:33.338) INFO: [TadState] TAD state changed from DEBUG_RESUMED to READY (Suspended, STEP)
(17:49:33.342) ReadingException: com.freescale.mqx.gdb.tad.model.globalstatus.TadGlobalStatusFactory.isMqxDataValid() at 60.line "readLongVariableSafely(_mqx_kernel_data)"
(17:49:33.342) ERROR: [TadGlobalStatusFactory] Kernel Data NOT valid (pointer: 0x0000)
(17:49:33.342) ERROR: [TadGlobalStatusFactory] MQX data not valid!
(17:49:33.342) INFO: [TadModel$3] Loading of TAD Global Status took 740 ms
(17:49:33.480) INFO: [TadState] TAD state changed from READY to DEBUG_RESUMED (Resumed, STEP)
(17:49:33.485) INFO: [TadState] TAD state changed from DEBUG_RESUMED to READY (Suspended, STEP)
(17:49:33.648) INFO: [TadState] TAD state changed from READY to DEBUG_RESUMED (Resumed, STEP)
(17:49:33.649) INFO: [TadState] TAD state changed from DEBUG_RESUMED to READY (Suspended, STEP)
(17:49:33.811) INFO: [TadState] TAD state changed from READY to DEBUG_RESUMED (Resumed, STEP)
(17:49:33.817) INFO: [TadState] TAD state changed from DEBUG_RESUMED to READY (Suspended, STEP)
(17:49:33.843) ReadingException: com.freescale.mqx.gdb.tad.model.globalstatus.TadGlobalStatusFactory.isMqxDataValid() at 60.line "readLongVariableSafely(_mqx_kernel_data)"
(17:49:33.843) ERROR: [TadGlobalStatusFactory] Kernel Data NOT valid (pointer: 0x0000)
(17:49:33.843) ERROR: [TadGlobalStatusFactory] MQX data not valid!
(17:49:33.843) INFO: [TadModel$3] Loading of TAD Global Status took 644 ms
(17:49:33.961) INFO: [TadState] TAD state changed from READY to DEBUG_RESUMED (Resumed, STEP)
(17:49:33.962) INFO: [TadState] TAD state changed from DEBUG_RESUMED to READY (Suspended, STEP)
(17:49:34.114) INFO: [TadState] TAD state changed from READY to DEBUG_RESUMED (Resumed, STEP)
(17:49:34.119) INFO: [TadState] TAD state changed from DEBUG_RESUMED to READY (Suspended, STEP)
(17:49:34.272) INFO: [TadState] TAD state changed from READY to DEBUG_RESUMED (Resumed, STEP)
(17:49:34.273) INFO: [TadState] TAD state changed from DEBUG_RESUMED to READY (Suspended, STEP)
(17:49:34.344) ReadingException: com.freescale.mqx.gdb.tad.model.globalstatus.TadGlobalStatusFactory.isMqxDataValid() at 60.line "readLongVariableSafely(_mqx_kernel_data)"
(17:49:34.344) ERROR: [TadGlobalStatusFactory] Kernel Data NOT valid (pointer: 0x0000)
(17:49:34.344) ERROR: [TadGlobalStatusFactory] MQX data not valid!
(17:49:34.344) INFO: [TadModel$3] Loading of TAD Global Status took 522 ms
(17:49:34.426) INFO: [TadState] TAD state changed from READY to DEBUG_RESUMED (Resumed, STEP)
(17:49:34.433) INFO: [TadState] TAD state changed from DEBUG_RESUMED to READY (Suspended, STEP)
(17:49:34.585) INFO: [TadState] TAD state changed from READY to DEBUG_RESUMED (Resumed, STEP)
(17:49:34.586) INFO: [TadState] TAD state changed from DEBUG_RESUMED to READY (Suspended, STEP)
(17:49:34.749) INFO: [TadState] TAD state changed from READY to DEBUG_RESUMED (Resumed, STEP)
(17:49:34.754) INFO: [TadState] TAD state changed from DEBUG_RESUMED to READY (Suspended, STEP)
(17:49:34.845) ReadingException: com.freescale.mqx.gdb.tad.model.globalstatus.TadGlobalStatusFactory.isMqxDataValid() at 60.line "readLongVariableSafely(_mqx_kernel_data)"
(17:49:34.845) ERROR: [TadGlobalStatusFactory] Kernel Data NOT valid (pointer: 0x0000)
(17:49:34.845) ERROR: [TadGlobalStatusFactory] MQX data not valid!
(17:49:34.845) INFO: [TadModel$3] Loading of TAD Global Status took 1191 ms
(17:49:34.907) INFO: [TadState] TAD state changed from READY to DEBUG_RESUMED (Resumed, STEP)
(17:49:34.908) INFO: [TadState] TAD state changed from DEBUG_RESUMED to READY (Suspended, STEP)
(17:49:35.070) INFO: [TadState] TAD state changed from READY to DEBUG_RESUMED (Resumed, STEP)
(17:49:35.077) INFO: [TadState] TAD state changed from DEBUG_RESUMED to READY (Suspended, STEP)
(17:49:35.218) INFO: [TadState] TAD state changed from READY to DEBUG_RESUMED (Resumed, STEP)
(17:49:35.219) INFO: [TadState] TAD state changed from DEBUG_RESUMED to READY (Suspended, STEP)
(17:49:35.346) ReadingException: com.freescale.mqx.gdb.tad.model.globalstatus.TadGlobalStatusFactory.isMqxDataValid() at 60.line "readLongVariableSafely(_mqx_kernel_data)"
(17:49:35.346) ERROR: [TadGlobalStatusFactory] Kernel Data NOT valid (pointer: 0x0000)
(17:49:35.346) ERROR: [TadGlobalStatusFactory] MQX data not valid!
(17:49:35.346) INFO: [TadModel$3] Loading of TAD Global Status took 1856 ms
(17:49:35.371) INFO: [TadState] TAD state changed from READY to DEBUG_RESUMED (Resumed, STEP)
(17:49:35.376) INFO: [TadState] TAD state changed from DEBUG_RESUMED to READY (Suspended, STEP)
(17:49:35.528) INFO: [TadState] TAD state changed from READY to DEBUG_RESUMED (Resumed, STEP)
(17:49:35.529) INFO: [TadState] TAD state changed from DEBUG_RESUMED to READY (Suspended, STEP)
(17:49:35.847) ReadingException: com.freescale.mqx.gdb.tad.model.globalstatus.TadGlobalStatusFactory.isMqxDataValid() at 60.line "readLongVariableSafely(_mqx_kernel_data)"
(17:49:35.847) ERROR: [TadGlobalStatusFactory] Kernel Data NOT valid (pointer: 0x0000)
(17:49:35.847) ERROR: [TadGlobalStatusFactory] MQX data not valid!
(17:49:35.848) INFO: [TadModel$3] Loading of TAD Global Status took 2502 ms
(17:49:36.348) ReadingException: com.freescale.mqx.gdb.tad.model.globalstatus.TadGlobalStatusFactory.isMqxDataValid() at 60.line "readLongVariableSafely(_mqx_kernel_data)"
(17:49:36.348) ERROR: [TadGlobalStatusFactory] Kernel Data NOT valid (pointer: 0x0000)
(17:49:36.348) ERROR: [TadGlobalStatusFactory] MQX data not valid!
(17:49:36.348) INFO: [TadModel$3] Loading of TAD Global Status took 814 ms
(17:49:36.348) INFO: [TadGlobalStatusController] TAD global status data is ready!
(17:49:36.849) ReadingException: com.freescale.mqx.gdb.tad.model.globalstatus.TadGlobalStatusFactory.isMqxDataValid() at 60.line "readLongVariableSafely(_mqx_kernel_data)"
(17:49:36.849) ERROR: [TadGlobalStatusFactory] Kernel Data NOT valid (pointer: 0x0000)
(17:49:36.849) ERROR: [TadGlobalStatusFactory] MQX data not valid!
(17:49:36.849) INFO: [TadModel$3] Loading of TAD Global Status took 1468 ms
(17:49:37.350) ReadingException: com.freescale.mqx.gdb.tad.model.globalstatus.TadGlobalStatusFactory.isMqxDataValid() at 60.line "readLongVariableSafely(_mqx_kernel_data)"
(17:49:37.350) ERROR: [TadGlobalStatusFactory] Kernel Data NOT valid (pointer: 0x0000)
(17:49:37.350) ERROR: [TadGlobalStatusFactory] MQX data not valid!
(17:49:37.350) INFO: [TadModel$3] Loading of TAD Global Status took 2127 ms
(17:49:37.756) INFO: [TadState] TAD state changed from READY to DEBUG_RESUMED (Resumed, STEP)
(17:49:37.765) INFO: [TadState] TAD state changed from DEBUG_RESUMED to READY (Suspended, STEP)
(17:49:37.851) ReadingException: com.freescale.mqx.gdb.tad.model.globalstatus.TadGlobalStatusFactory.isMqxDataValid() at 60.line "readLongVariableSafely(_mqx_kernel_data)"
(17:49:37.851) ERROR: [TadGlobalStatusFactory] Kernel Data NOT valid (pointer: 0x0000)
(17:49:37.851) ERROR: [TadGlobalStatusFactory] MQX data not valid!
(17:49:37.851) INFO: [TadModel$3] Loading of TAD Global Status took 2769 ms
(17:49:37.946) INFO: [TadState] TAD state changed from READY to DEBUG_RESUMED (Resumed, STEP)
(17:49:37.946) INFO: [TadState] TAD state changed from DEBUG_RESUMED to READY (Suspended, STEP)
(17:49:38.117) INFO: [TadState] TAD state changed from READY to DEBUG_RESUMED (Resumed, STEP)
(17:49:38.122) INFO: [TadState] TAD state changed from DEBUG_RESUMED to READY (Suspended, STEP)
(17:49:38.287) INFO: [TadState] TAD state changed from READY to DEBUG_RESUMED (Resumed, STEP)
(17:49:38.290) INFO: [TadState] TAD state changed from DEBUG_RESUMED to READY (Suspended, STEP)
(17:49:38.352) ReadingException: com.freescale.mqx.gdb.tad.model.globalstatus.TadGlobalStatusFactory.isMqxDataValid() at 60.line "readLongVariableSafely(_mqx_kernel_data)"
(17:49:38.352) ERROR: [TadGlobalStatusFactory] Kernel Data NOT valid (pointer: 0x0000)
(17:49:38.352) ERROR: [TadGlobalStatusFactory] MQX data not valid!
(17:49:38.352) INFO: [TadModel$3] Loading of TAD Global Status took 3439 ms
(17:49:38.441) INFO: [TadState] TAD state changed from READY to DEBUG_RESUMED (Resumed, STEP)
(17:49:38.447) INFO: [TadState] TAD state changed from DEBUG_RESUMED to READY (Suspended, STEP)
(17:49:38.599) INFO: [TadState] TAD state changed from READY to DEBUG_RESUMED (Resumed, STEP)
(17:49:38.600) INFO: [TadState] TAD state changed from DEBUG_RESUMED to READY (Suspended, STEP)
(17:49:38.763) INFO: [TadState] TAD state changed from READY to DEBUG_RESUMED (Resumed, STEP)
(17:49:38.768) INFO: [TadState] TAD state changed from DEBUG_RESUMED to READY (Suspended, STEP)
(17:49:38.853) ReadingException: com.freescale.mqx.gdb.tad.model.globalstatus.TadGlobalStatusFactory.isMqxDataValid() at 60.line "readLongVariableSafely(_mqx_kernel_data)"
(17:49:38.853) ERROR: [TadGlobalStatusFactory] Kernel Data NOT valid (pointer: 0x0000)
(17:49:38.853) ERROR: [TadGlobalStatusFactory] MQX data not valid!
(17:49:38.853) INFO: [TadModel$3] Loading of TAD Global Status took 4094 ms
(17:49:38.929) INFO: [TadState] TAD state changed from READY to DEBUG_RESUMED (Resumed, STEP)
(17:49:38.932) INFO: [TadState] TAD state changed from DEBUG_RESUMED to READY (Suspended, STEP)
(17:49:39.084) INFO: [TadState] TAD state changed from READY to DEBUG_RESUMED (Resumed, STEP)
(17:49:39.088) INFO: [TadState] TAD state changed from DEBUG_RESUMED to READY (Suspended, STEP)
(17:49:39.241) INFO: [TadState] TAD state changed from READY to DEBUG_RESUMED (Resumed, STEP)
(17:49:39.242) INFO: [TadState] TAD state changed from DEBUG_RESUMED to READY (Suspended, STEP)
(17:49:39.354) ReadingException: com.freescale.mqx.gdb.tad.model.globalstatus.TadGlobalStatusFactory.isMqxDataValid() at 60.line "readLongVariableSafely(_mqx_kernel_data)"
(17:49:39.354) ERROR: [TadGlobalStatusFactory] Kernel Data NOT valid (pointer: 0x0000)
(17:49:39.354) ERROR: [TadGlobalStatusFactory] MQX data not valid!
(17:49:39.354) INFO: [TadModel$3] Loading of TAD Global Status took 4764 ms
(17:49:39.385) INFO: [TadState] TAD state changed from READY to DEBUG_RESUMED (Resumed, STEP)
(17:49:39.390) INFO: [TadState] TAD state changed from DEBUG_RESUMED to READY (Suspended, STEP)
(17:49:39.534) INFO: [TadState] TAD state changed from READY to DEBUG_RESUMED (Resumed, STEP)
(17:49:39.536) INFO: [TadState] TAD state changed from DEBUG_RESUMED to READY (Suspended, STEP)
(17:49:39.689) INFO: [TadState] TAD state changed from READY to DEBUG_RESUMED (Resumed, STEP)
(17:49:39.694) INFO: [TadState] TAD state changed from DEBUG_RESUMED to READY (Suspended, STEP)
(17:49:39.838) INFO: [TadState] TAD state changed from READY to DEBUG_RESUMED (Resumed, STEP)
(17:49:39.839) INFO: [TadState] TAD state changed from DEBUG_RESUMED to READY (Suspended, STEP)
(17:49:39.856) ReadingException: com.freescale.mqx.gdb.tad.model.globalstatus.TadGlobalStatusFactory.isMqxDataValid() at 60.line "readLongVariableSafely(_mqx_kernel_data)"
(17:49:39.856) ERROR: [TadGlobalStatusFactory] Kernel Data NOT valid (pointer: 0x0000)
(17:49:39.856) ERROR: [TadGlobalStatusFactory] MQX data not valid!
(17:49:39.856) INFO: [TadModel$3] Loading of TAD Global Status took 5419 ms
(17:49:39.980) INFO: [TadState] TAD state changed from READY to DEBUG_RESUMED (Resumed, STEP)
(17:49:39.986) INFO: [TadState] TAD state changed from DEBUG_RESUMED to READY (Suspended, STEP)
(17:49:40.158) INFO: [TadState] TAD state changed from READY to DEBUG_RESUMED (Resumed, STEP)
(17:49:40.160) INFO: [TadState] TAD state changed from DEBUG_RESUMED to READY (Suspended, STEP)
(17:49:40.307) INFO: [TadState] TAD state changed from READY to DEBUG_RESUMED (Resumed, STEP)
(17:49:40.313) INFO: [TadState] TAD state changed from DEBUG_RESUMED to READY (Suspended, STEP)
(17:49:40.357) ReadingException: com.freescale.mqx.gdb.tad.model.globalstatus.TadGlobalStatusFactory.isMqxDataValid() at 60.line "readLongVariableSafely(_mqx_kernel_data)"
(17:49:40.357) ERROR: [TadGlobalStatusFactory] Kernel Data NOT valid (pointer: 0x0000)
(17:49:40.357) ERROR: [TadGlobalStatusFactory] MQX data not valid!
(17:49:40.357) INFO: [TadModel$3] Loading of TAD Global Status took 6080 ms
(17:49:40.426) INFO: [TadState] TAD state changed from READY to DEBUG_RESUMED (Resumed, STEP)
(17:49:40.427) INFO: [TadState] TAD state changed from DEBUG_RESUMED to READY (Suspended, STEP)
(17:49:40.559) INFO: [TadState] TAD state changed from READY to DEBUG_RESUMED (Resumed, STEP)
(17:49:40.564) INFO: [TadState] TAD state changed from DEBUG_RESUMED to READY (Suspended, STEP)
(17:49:40.707) INFO: [TadState] TAD state changed from READY to DEBUG_RESUMED (Resumed, STEP)
(17:49:40.710) INFO: [TadState] TAD state changed from DEBUG_RESUMED to READY (Suspended, STEP)
(17:49:40.842) INFO: [TadState] TAD state changed from READY to DEBUG_RESUMED (Resumed, STEP)
(17:49:40.848) INFO: [TadState] TAD state changed from DEBUG_RESUMED to READY (Suspended, STEP)
(17:49:40.858) ReadingException: com.freescale.mqx.gdb.tad.model.globalstatus.TadGlobalStatusFactory.isMqxDataValid() at 60.line "readLongVariableSafely(_mqx_kernel_data)"
(17:49:40.858) ERROR: [TadGlobalStatusFactory] Kernel Data NOT valid (pointer: 0x0000)
(17:49:40.858) ERROR: [TadGlobalStatusFactory] MQX data not valid!
(17:49:40.858) INFO: [TadModel$3] Loading of TAD Global Status took 6734 ms
(17:49:40.960) INFO: [TadState] TAD state changed from READY to DEBUG_RESUMED (Resumed, STEP)
(17:49:40.962) INFO: [TadState] TAD state changed from DEBUG_RESUMED to READY (Suspended, STEP)
(17:49:41.123) INFO: [TadState] TAD state changed from READY to DEBUG_RESUMED (Resumed, STEP)
(17:49:41.128) INFO: [TadState] TAD state changed from DEBUG_RESUMED to READY (Suspended, STEP)
(17:49:41.269) INFO: [TadState] TAD state changed from READY to DEBUG_RESUMED (Resumed, STEP)
(17:49:41.272) INFO: [TadState] TAD state changed from DEBUG_RESUMED to READY (Suspended, STEP)
(17:49:41.359) ReadingException: com.freescale.mqx.gdb.tad.model.globalstatus.TadGlobalStatusFactory.isMqxDataValid() at 60.line "readLongVariableSafely(_mqx_kernel_data)"
(17:49:41.359) ERROR: [TadGlobalStatusFactory] Kernel Data NOT valid (pointer: 0x0000)
(17:49:41.359) ERROR: [TadGlobalStatusFactory] MQX data not valid!
(17:49:41.359) INFO: [TadModel$3] Loading of TAD Global Status took 7392 ms
(17:49:41.414) INFO: [TadState] TAD state changed from READY to DEBUG_RESUMED (Resumed, STEP)
(17:49:41.419) INFO: [TadState] TAD state changed from DEBUG_RESUMED to READY (Suspended, STEP)
(17:49:41.561) INFO: [TadState] TAD state changed from READY to DEBUG_RESUMED (Resumed, STEP)
(17:49:41.562) INFO: [TadState] TAD state changed from DEBUG_RESUMED to READY (Suspended, STEP)
(17:49:41.703) INFO: [TadState] TAD state changed from READY to DEBUG_RESUMED (Resumed, STEP)
(17:49:41.708) INFO: [TadState] TAD state changed from DEBUG_RESUMED to READY (Suspended, STEP)
(17:49:41.852) INFO: [TadState] TAD state changed from READY to DEBUG_RESUMED (Resumed, STEP)
(17:49:41.853) INFO: [TadState] TAD state changed from DEBUG_RESUMED to READY (Suspended, STEP)
(17:49:41.860) ReadingException: com.freescale.mqx.gdb.tad.model.globalstatus.TadGlobalStatusFactory.isMqxDataValid() at 60.line "readLongVariableSafely(_mqx_kernel_data)"
(17:49:41.860) ERROR: [TadGlobalStatusFactory] Kernel Data NOT valid (pointer: 0x0000)
(17:49:41.860) ERROR: [TadGlobalStatusFactory] MQX data not valid!
(17:49:41.860) INFO: [TadModel$3] Loading of TAD Global Status took 1002 ms
(17:49:42.015) INFO: [TadState] TAD state changed from READY to DEBUG_RESUMED (Resumed, STEP)
(17:49:42.020) INFO: [TadState] TAD state changed from DEBUG_RESUMED to READY (Suspended, STEP)
(17:49:42.151) INFO: [TadState] TAD state changed from READY to DEBUG_RESUMED (Resumed, STEP)
(17:49:42.153) INFO: [TadState] TAD state changed from DEBUG_RESUMED to READY (Suspended, STEP)
(17:49:42.305) INFO: [TadState] TAD state changed from READY to DEBUG_RESUMED (Resumed, STEP)
(17:49:42.311) INFO: [TadState] TAD state changed from DEBUG_RESUMED to READY (Suspended, STEP)
(17:49:42.361) ReadingException: com.freescale.mqx.gdb.tad.model.globalstatus.TadGlobalStatusFactory.isMqxDataValid() at 60.line "readLongVariableSafely(_mqx_kernel_data)"
(17:49:42.361) ERROR: [TadGlobalStatusFactory] Kernel Data NOT valid (pointer: 0x0000)
(17:49:42.361) ERROR: [TadGlobalStatusFactory] MQX data not valid!
(17:49:42.361) INFO: [TadModel$3] Loading of TAD Global Status took 1792 ms
(17:49:42.463) INFO: [TadState] TAD state changed from READY to DEBUG_RESUMED (Resumed, STEP)
(17:49:42.465) INFO: [TadState] TAD state changed from DEBUG_RESUMED to READY (Suspended, STEP)
(17:49:42.618) INFO: [TadState] TAD state changed from READY to DEBUG_RESUMED (Resumed, STEP)
(17:49:42.622) INFO: [TadState] TAD state changed from DEBUG_RESUMED to READY (Suspended, STEP)
(17:49:42.795) INFO: [TadState] TAD state changed from READY to DEBUG_RESUMED (Resumed, STEP)
(17:49:42.797) INFO: [TadState] TAD state changed from DEBUG_RESUMED to READY (Suspended, STEP)
(17:49:42.862) ReadingException: com.freescale.mqx.gdb.tad.model.globalstatus.TadGlobalStatusFactory.isMqxDataValid() at 60.line "readLongVariableSafely(_mqx_kernel_data)"
(17:49:42.862) ERROR: [TadGlobalStatusFactory] Kernel Data NOT valid (pointer: 0x0000)
(17:49:42.862) ERROR: [TadGlobalStatusFactory] MQX data not valid!
(17:49:42.862) INFO: [TadModel$3] Loading of TAD Global Status took 2431 ms
(17:49:43.363) ReadingException: com.freescale.mqx.gdb.tad.model.globalstatus.TadGlobalStatusFactory.isMqxDataValid() at 60.line "readLongVariableSafely(_mqx_kernel_data)"
(17:49:43.363) ERROR: [TadGlobalStatusFactory] Kernel Data NOT valid (pointer: 0x0000)
(17:49:43.363) ERROR: [TadGlobalStatusFactory] MQX data not valid!
(17:49:43.363) INFO: [TadModel$3] Loading of TAD Global Status took 3046 ms
(17:49:43.864) ReadingException: com.freescale.mqx.gdb.tad.model.globalstatus.TadGlobalStatusFactory.isMqxDataValid() at 60.line "readLongVariableSafely(_mqx_kernel_data)"
(17:49:43.864) ERROR: [TadGlobalStatusFactory] Kernel Data NOT valid (pointer: 0x0000)
(17:49:43.864) ERROR: [TadGlobalStatusFactory] MQX data not valid!
(17:49:43.864) INFO: [TadModel$3] Loading of TAD Global Status took 3699 ms
(17:49:44.365) ReadingException: com.freescale.mqx.gdb.tad.model.globalstatus.TadGlobalStatusFactory.isMqxDataValid() at 60.line "readLongVariableSafely(_mqx_kernel_data)"
(17:49:44.365) ERROR: [TadGlobalStatusFactory] Kernel Data NOT valid (pointer: 0x0000)
(17:49:44.365) ERROR: [TadGlobalStatusFactory] MQX data not valid!
(17:49:44.365) INFO: [TadModel$3] Loading of TAD Global Status took 4375 ms
(17:49:44.866) ReadingException: com.freescale.mqx.gdb.tad.model.globalstatus.TadGlobalStatusFactory.isMqxDataValid() at 60.line "readLongVariableSafely(_mqx_kernel_data)"
(17:49:44.866) ERROR: [TadGlobalStatusFactory] Kernel Data NOT valid (pointer: 0x0000)
(17:49:44.866) ERROR: [TadGlobalStatusFactory] MQX data not valid!
(17:49:44.866) INFO: [TadModel$3] Loading of TAD Global Status took 5023 ms
(17:49:45.111) INFO: [TadState] TAD state changed from READY to DEBUG_RESUMED (Resumed, STEP)
(17:49:45.117) INFO: [TadState] TAD state changed from DEBUG_RESUMED to READY (Suspended, STEP)
(17:49:45.367) ReadingException: com.freescale.mqx.gdb.tad.model.globalstatus.TadGlobalStatusFactory.isMqxDataValid() at 60.line "readLongVariableSafely(_mqx_kernel_data)"
(17:49:45.367) ERROR: [TadGlobalStatusFactory] Kernel Data NOT valid (pointer: 0x0000)
(17:49:45.367) ERROR: [TadGlobalStatusFactory] MQX data not valid!
(17:49:45.367) INFO: [TadModel$3] Loading of TAD Global Status took 5668 ms
(17:49:45.868) ReadingException: com.freescale.mqx.gdb.tad.model.globalstatus.TadGlobalStatusFactory.isMqxDataValid() at 60.line "readLongVariableSafely(_mqx_kernel_data)"
(17:49:45.868) ERROR: [TadGlobalStatusFactory] Kernel Data NOT valid (pointer: 0x0000)
(17:49:45.868) ERROR: [TadGlobalStatusFactory] MQX data not valid!
(17:49:45.868) INFO: [TadModel$3] Loading of TAD Global Status took 6327 ms
(17:49:46.369) ReadingException: com.freescale.mqx.gdb.tad.model.globalstatus.TadGlobalStatusFactory.isMqxDataValid() at 60.line "readLongVariableSafely(_mqx_kernel_data)"
(17:49:46.369) ERROR: [TadGlobalStatusFactory] Kernel Data NOT valid (pointer: 0x0000)
(17:49:46.369) ERROR: [TadGlobalStatusFactory] MQX data not valid!
(17:49:46.369) INFO: [TadModel$3] Loading of TAD Global Status took 6974 ms
(17:49:46.870) ReadingException: com.freescale.mqx.gdb.tad.model.globalstatus.TadGlobalStatusFactory.isMqxDataValid() at 60.line "readLongVariableSafely(_mqx_kernel_data)"
(17:49:46.870) ERROR: [TadGlobalStatusFactory] Kernel Data NOT valid (pointer: 0x0000)
(17:49:46.870) ERROR: [TadGlobalStatusFactory] MQX data not valid!
(17:49:46.870) INFO: [TadModel$3] Loading of TAD Global Status took 7624 ms
(17:49:47.371) ReadingException: com.freescale.mqx.gdb.tad.model.globalstatus.TadGlobalStatusFactory.isMqxDataValid() at 60.line "readLongVariableSafely(_mqx_kernel_data)"
(17:49:47.371) ERROR: [TadGlobalStatusFactory] Kernel Data NOT valid (pointer: 0x0000)
(17:49:47.371) ERROR: [TadGlobalStatusFactory] MQX data not valid!
(17:49:47.371) INFO: [TadModel$3] Loading of TAD Global Status took 8278 ms
(17:49:47.872) ReadingException: com.freescale.mqx.gdb.tad.model.globalstatus.TadGlobalStatusFactory.isMqxDataValid() at 60.line "readLongVariableSafely(_mqx_kernel_data)"
(17:49:47.872) ERROR: [TadGlobalStatusFactory] Kernel Data NOT valid (pointer: 0x0000)
(17:49:47.872) ERROR: [TadGlobalStatusFactory] MQX data not valid!
(17:49:47.872) INFO: [TadModel$3] Loading of TAD Global Status took 8935 ms
(17:49:48.373) ReadingException: com.freescale.mqx.gdb.tad.model.globalstatus.TadGlobalStatusFactory.isMqxDataValid() at 60.line "readLongVariableSafely(_mqx_kernel_data)"
(17:49:48.373) ERROR: [TadGlobalStatusFactory] Kernel Data NOT valid (pointer: 0x0000)
(17:49:48.373) ERROR: [TadGlobalStatusFactory] MQX data not valid!
(17:49:48.373) INFO: [TadModel$3] Loading of TAD Global Status took 9601 ms
(17:49:48.874) ReadingException: com.freescale.mqx.gdb.tad.model.globalstatus.TadGlobalStatusFactory.isMqxDataValid() at 60.line "readLongVariableSafely(_mqx_kernel_data)"
(17:49:48.874) ERROR: [TadGlobalStatusFactory] Kernel Data NOT valid (pointer: 0x0000)
(17:49:48.874) ERROR: [TadGlobalStatusFactory] MQX data not valid!
(17:49:48.874) INFO: [TadModel$3] Loading of TAD Global Status took 10270 ms
(17:49:49.375) ReadingException: com.freescale.mqx.gdb.tad.model.globalstatus.TadGlobalStatusFactory.isMqxDataValid() at 60.line "readLongVariableSafely(_mqx_kernel_data)"
(17:49:49.375) ERROR: [TadGlobalStatusFactory] Kernel Data NOT valid (pointer: 0x0000)
(17:49:49.375) ERROR: [TadGlobalStatusFactory] MQX data not valid!
(17:49:49.375) INFO: [TadModel$3] Loading of TAD Global Status took 10923 ms
(17:49:49.876) ReadingException: com.freescale.mqx.gdb.tad.model.globalstatus.TadGlobalStatusFactory.isMqxDataValid() at 60.line "readLongVariableSafely(_mqx_kernel_data)"
(17:49:49.876) ERROR: [TadGlobalStatusFactory] Kernel Data NOT valid (pointer: 0x0000)
(17:49:49.876) ERROR: [TadGlobalStatusFactory] MQX data not valid!
(17:49:49.876) INFO: [TadModel$3] Loading of TAD Global Status took 11574 ms
(17:49:50.377) ReadingException: com.freescale.mqx.gdb.tad.model.globalstatus.TadGlobalStatusFactory.isMqxDataValid() at 60.line "readLongVariableSafely(_mqx_kernel_data)"
(17:49:50.377) ERROR: [TadGlobalStatusFactory] Kernel Data NOT valid (pointer: 0x0000)
(17:49:50.377) ERROR: [TadGlobalStatusFactory] MQX data not valid!
(17:49:50.377) INFO: [TadModel$3] Loading of TAD Global Status took 12250 ms
(17:49:50.878) ReadingException: com.freescale.mqx.gdb.tad.model.globalstatus.TadGlobalStatusFactory.isMqxDataValid() at 60.line "readLongVariableSafely(_mqx_kernel_data)"
(17:49:50.878) ERROR: [TadGlobalStatusFactory] Kernel Data NOT valid (pointer: 0x0000)
(17:49:50.878) ERROR: [TadGlobalStatusFactory] MQX data not valid!
(17:49:50.878) INFO: [TadModel$3] Loading of TAD Global Status took 12927 ms
(17:49:50.924) INFO: [TadState] TAD state changed from READY to DEBUG_RESUMED (Resumed, STEP)
(17:49:50.927) INFO: [TadState] TAD state changed from DEBUG_RESUMED to READY (Suspended, STEP)
(17:49:51.379) ReadingException: com.freescale.mqx.gdb.tad.model.globalstatus.TadGlobalStatusFactory.isMqxDataValid() at 60.line "readLongVariableSafely(_mqx_kernel_data)"
(17:49:51.379) ERROR: [TadGlobalStatusFactory] Kernel Data NOT valid (pointer: 0x0000)
(17:49:51.379) ERROR: [TadGlobalStatusFactory] MQX data not valid!
(17:49:51.379) INFO: [TadModel$3] Loading of TAD Global Status took 13603 ms
(17:49:51.480) INFO: [TadState] TAD state changed from READY to DEBUG_RESUMED (Resumed, STEP)
(17:49:51.486) INFO: [TadState] TAD state changed from DEBUG_RESUMED to READY (Suspended, STEP)
(17:49:51.678) INFO: [TadState] TAD state changed from READY to DEBUG_RESUMED (Resumed, STEP)
(17:49:51.679) INFO: [TadState] TAD state changed from DEBUG_RESUMED to READY (Suspended, STEP)
(17:49:51.880) ReadingException: com.freescale.mqx.gdb.tad.model.globalstatus.TadGlobalStatusFactory.isMqxDataValid() at 60.line "readLongVariableSafely(_mqx_kernel_data)"
(17:49:51.880) ERROR: [TadGlobalStatusFactory] Kernel Data NOT valid (pointer: 0x0000)
(17:49:51.880) ERROR: [TadGlobalStatusFactory] MQX data not valid!
(17:49:51.880) INFO: [TadModel$3] Loading of TAD Global Status took 946 ms
(17:49:52.381) ReadingException: com.freescale.mqx.gdb.tad.model.globalstatus.TadGlobalStatusFactory.isMqxDataValid() at 60.line "readLongVariableSafely(_mqx_kernel_data)"
(17:49:52.381) ERROR: [TadGlobalStatusFactory] Kernel Data NOT valid (pointer: 0x0000)
(17:49:52.381) ERROR: [TadGlobalStatusFactory] MQX data not valid!
(17:49:52.381) INFO: [TadModel$3] Loading of TAD Global Status took 7259 ms
(17:49:52.882) ReadingException: com.freescale.mqx.gdb.tad.model.globalstatus.TadGlobalStatusFactory.isMqxDataValid() at 60.line "readLongVariableSafely(_mqx_kernel_data)"
(17:49:52.882) ERROR: [TadGlobalStatusFactory] Kernel Data NOT valid (pointer: 0x0000)
(17:49:52.882) ERROR: [TadGlobalStatusFactory] MQX data not valid!
(17:49:52.882) INFO: [TadModel$3] Loading of TAD Global Status took 10020 ms
(17:49:53.374) INFO: [TadState] TAD state changed from READY to DEBUG_RESUMED (Resumed, USER_REQUEST)
(17:49:53.383) ReadingException: com.freescale.mqx.gdb.tad.model.globalstatus.TadGlobalStatusFactory.isMqxDataValid() at 60.line "readLongVariableSafely(_mqx_kernel_data)"
(17:49:53.383) ERROR: [TadGlobalStatusFactory] Kernel Data NOT valid (pointer: 0x0000)
(17:49:53.383) ERROR: [TadGlobalStatusFactory] MQX data not valid!
(17:49:53.383) INFO: [TadModel$3] Loading of TAD Global Status took 11022 ms
(17:49:53.884) ReadingException: com.freescale.mqx.gdb.tad.model.globalstatus.TadGlobalStatusFactory.isMqxDataValid() at 60.line "readLongVariableSafely(_mqx_kernel_data)"
(17:49:53.884) ERROR: [TadGlobalStatusFactory] Kernel Data NOT valid (pointer: 0x0000)
(17:49:53.884) ERROR: [TadGlobalStatusFactory] MQX data not valid!
(17:49:53.884) INFO: [TadModel$3] Loading of TAD Global Status took 12024 ms
(17:49:54.385) ReadingException: com.freescale.mqx.gdb.tad.model.globalstatus.TadGlobalStatusFactory.isMqxDataValid() at 60.line "readLongVariableSafely(_mqx_kernel_data)"
(17:49:54.385) ERROR: [TadGlobalStatusFactory] Kernel Data NOT valid (pointer: 0x0000)
(17:49:54.385) ERROR: [TadGlobalStatusFactory] MQX data not valid!
(17:49:54.385) INFO: [TadModel$3] Loading of TAD Global Status took 13026 ms
(17:49:54.886) ReadingException: com.freescale.mqx.gdb.tad.model.globalstatus.TadGlobalStatusFactory.isMqxDataValid() at 60.line "readLongVariableSafely(_mqx_kernel_data)"
(17:49:54.886) ERROR: [TadGlobalStatusFactory] Kernel Data NOT valid (pointer: 0x0000)
(17:49:54.886) ERROR: [TadGlobalStatusFactory] MQX data not valid!
(17:49:54.886) INFO: [TadModel$3] Loading of TAD Global Status took 3202 ms
(17:49:55.387) ReadingException: com.freescale.mqx.gdb.tad.model.globalstatus.TadGlobalStatusFactory.isMqxDataValid() at 60.line "readLongVariableSafely(_mqx_kernel_data)"
(17:49:55.387) ERROR: [TadGlobalStatusFactory] Kernel Data NOT valid (pointer: 0x0000)
(17:49:55.387) ERROR: [TadGlobalStatusFactory] MQX data not valid!
(17:49:55.387) INFO: [TadModel$3] Loading of TAD Global Status took 3897 ms
(17:50:07.830) INFO: [TadState] TAD state changed from DEBUG_RESUMED to READY (Suspended, BREAKPOINT)
(17:50:08.335) ReadingException: com.freescale.mqx.gdb.tad.model.globalstatus.TadGlobalStatusFactory.isMqxDataValid() at 60.line "readLongVariableSafely(_mqx_kernel_data)"
(17:50:08.335) ERROR: [TadGlobalStatusFactory] Kernel Data NOT valid (pointer: 0x0000)
(17:50:08.335) ERROR: [TadGlobalStatusFactory] MQX data not valid!
(17:50:08.335) INFO: [TadModel$3] Loading of TAD Global Status took 501 ms
(17:50:08.335) INFO: [TadGlobalStatusController] TAD global status data is ready!
(17:50:12.770) INFO: [TadState] TAD state changed from READY to DEBUG_RESUMED (Resumed, STEP)
(17:50:12.779) INFO: [TadState] TAD state changed from DEBUG_RESUMED to READY (Suspended, STEP)
(17:50:13.284) ReadingException: com.freescale.mqx.gdb.tad.model.globalstatus.TadGlobalStatusFactory.isMqxDataValid() at 60.line "readLongVariableSafely(_mqx_kernel_data)"
(17:50:13.284) ERROR: [TadGlobalStatusFactory] Kernel Data NOT valid (pointer: 0x0000)
(17:50:13.284) ERROR: [TadGlobalStatusFactory] MQX data not valid!
(17:50:13.284) INFO: [TadModel$3] Loading of TAD Global Status took 501 ms
(17:50:13.285) INFO: [TadGlobalStatusController] TAD global status data is ready!
(17:50:14.357) INFO: [TadState] TAD state changed from READY to DEBUG_RESUMED (Resumed, STEP)
(17:50:14.420) INFO: [TadState] TAD state changed from DEBUG_RESUMED to READY (Suspended, STEP)
(17:50:14.926) ReadingException: com.freescale.mqx.gdb.tad.model.globalstatus.TadGlobalStatusFactory.isMqxDataValid() at 60.line "readLongVariableSafely(_mqx_kernel_data)"
(17:50:14.926) ERROR: [TadGlobalStatusFactory] Kernel Data NOT valid (pointer: 0x0000)
(17:50:14.926) ERROR: [TadGlobalStatusFactory] MQX data not valid!
(17:50:14.926) INFO: [TadModel$3] Loading of TAD Global Status took 502 ms
(17:50:14.926) INFO: [TadGlobalStatusController] TAD global status data is ready!
(17:50:15.317) INFO: [TadState] TAD state changed from READY to DEBUG_RESUMED (Resumed, STEP)
(17:50:15.338) INFO: [TadState] TAD state changed from DEBUG_RESUMED to READY (Suspended, STEP)
(17:50:15.846) ReadingException: com.freescale.mqx.gdb.tad.model.globalstatus.TadGlobalStatusFactory.isMqxDataValid() at 60.line "readLongVariableSafely(_mqx_kernel_data)"
(17:50:15.846) ERROR: [TadGlobalStatusFactory] Kernel Data NOT valid (pointer: 0x0000)
(17:50:15.846) ERROR: [TadGlobalStatusFactory] MQX data not valid!
(17:50:15.846) INFO: [TadModel$3] Loading of TAD Global Status took 501 ms
(17:50:15.846) INFO: [TadGlobalStatusController] TAD global status data is ready!
(17:50:16.382) INFO: [TadState] TAD state changed from READY to DEBUG_RESUMED (Resumed, STEP)
(17:50:16.399) INFO: [TadState] TAD state changed from DEBUG_RESUMED to READY (Suspended, STEP)
(17:50:16.904) ReadingException: com.freescale.mqx.gdb.tad.model.globalstatus.TadGlobalStatusFactory.isMqxDataValid() at 60.line "readLongVariableSafely(_mqx_kernel_data)"
(17:50:16.904) ERROR: [TadGlobalStatusFactory] Kernel Data NOT valid (pointer: 0x0000)
(17:50:16.904) ERROR: [TadGlobalStatusFactory] MQX data not valid!
(17:50:16.904) INFO: [TadModel$3] Loading of TAD Global Status took 500 ms
(17:50:16.904) INFO: [TadGlobalStatusController] TAD global status data is ready!
(17:50:18.272) INFO: [TadState] TAD state changed from READY to DEBUG_RESUMED (Resumed, STEP)
(17:50:18.291) INFO: [TadState] TAD state changed from DEBUG_RESUMED to READY (Suspended, STEP)
(17:50:18.797) ReadingException: com.freescale.mqx.gdb.tad.model.globalstatus.TadGlobalStatusFactory.isMqxDataValid() at 60.line "readLongVariableSafely(_mqx_kernel_data)"
(17:50:18.797) ERROR: [TadGlobalStatusFactory] Kernel Data NOT valid (pointer: 0x0000)
(17:50:18.797) ERROR: [TadGlobalStatusFactory] MQX data not valid!
(17:50:18.797) INFO: [TadModel$3] Loading of TAD Global Status took 501 ms
(17:50:18.797) INFO: [TadGlobalStatusController] TAD global status data is ready!
(17:50:20.186) INFO: [TadState] TAD state changed from READY to DEBUG_RESUMED (Resumed, STEP)
(17:50:20.196) INFO: [TadState] TAD state changed from DEBUG_RESUMED to READY (Suspended, STEP)
(17:50:20.708) ReadingException: com.freescale.mqx.gdb.tad.model.globalstatus.TadGlobalStatusFactory.isMqxDataValid() at 60.line "readLongVariableSafely(_mqx_kernel_data)"
(17:50:20.708) ERROR: [TadGlobalStatusFactory] Kernel Data NOT valid (pointer: 0x0000)
(17:50:20.708) ERROR: [TadGlobalStatusFactory] MQX data not valid!
(17:50:20.708) INFO: [TadModel$3] Loading of TAD Global Status took 501 ms
(17:50:20.708) INFO: [TadGlobalStatusController] TAD global status data is ready!
(17:50:21.231) INFO: [TadState] TAD state changed from READY to DEBUG_RESUMED (Resumed, STEP)
(17:50:21.234) INFO: [TadState] TAD state changed from DEBUG_RESUMED to READY (Suspended, STEP)
(17:50:21.739) ReadingException: com.freescale.mqx.gdb.tad.model.globalstatus.TadGlobalStatusFactory.isMqxDataValid() at 60.line "readLongVariableSafely(_mqx_kernel_data)"
(17:50:21.739) ERROR: [TadGlobalStatusFactory] Kernel Data NOT valid (pointer: 0x0000)
(17:50:21.739) ERROR: [TadGlobalStatusFactory] MQX data not valid!
(17:50:21.739) INFO: [TadModel$3] Loading of TAD Global Status took 501 ms
(17:50:21.739) INFO: [TadGlobalStatusController] TAD global status data is ready!
(17:50:21.767) INFO: [TadState] TAD state changed from READY to DEBUG_RESUMED (Resumed, STEP)
(17:50:21.774) INFO: [TadState] TAD state changed from DEBUG_RESUMED to READY (Suspended, STEP)
(17:50:22.196) INFO: [TadState] TAD state changed from READY to DEBUG_RESUMED (Resumed, STEP)
(17:50:22.198) INFO: [TadState] TAD state changed from DEBUG_RESUMED to READY (Suspended, STEP)
(17:50:22.280) ReadingException: com.freescale.mqx.gdb.tad.model.globalstatus.TadGlobalStatusFactory.isMqxDataValid() at 60.line "readLongVariableSafely(_mqx_kernel_data)"
(17:50:22.280) ERROR: [TadGlobalStatusFactory] Kernel Data NOT valid (pointer: 0x0000)
(17:50:22.280) ERROR: [TadGlobalStatusFactory] MQX data not valid!
(17:50:22.280) INFO: [TadModel$3] Loading of TAD Global Status took 501 ms
(17:50:22.670) INFO: [TadState] TAD state changed from READY to DEBUG_RESUMED (Resumed, STEP)
(17:50:22.677) INFO: [TadState] TAD state changed from DEBUG_RESUMED to READY (Suspended, STEP)
(17:50:22.781) ReadingException: com.freescale.mqx.gdb.tad.model.globalstatus.TadGlobalStatusFactory.isMqxDataValid() at 60.line "readLongVariableSafely(_mqx_kernel_data)"
(17:50:22.781) ERROR: [TadGlobalStatusFactory] Kernel Data NOT valid (pointer: 0x0000)
(17:50:22.781) ERROR: [TadGlobalStatusFactory] MQX data not valid!
(17:50:22.781) INFO: [TadModel$3] Loading of TAD Global Status took 577 ms
(17:50:23.282) ReadingException: com.freescale.mqx.gdb.tad.model.globalstatus.TadGlobalStatusFactory.isMqxDataValid() at 60.line "readLongVariableSafely(_mqx_kernel_data)"
(17:50:23.282) ERROR: [TadGlobalStatusFactory] Kernel Data NOT valid (pointer: 0x0000)
(17:50:23.282) ERROR: [TadGlobalStatusFactory] MQX data not valid!
(17:50:23.282) INFO: [TadModel$3] Loading of TAD Global Status took 601 ms
(17:50:23.282) INFO: [TadGlobalStatusController] TAD global status data is ready!
(17:50:23.458) INFO: [TadState] TAD state changed from READY to DEBUG_RESUMED (Resumed, USER_REQUEST)
(17:50:23.493) INFO: [TadState] TAD state changed from DEBUG_RESUMED to READY (Suspended, BREAKPOINT)
(17:50:23.999) ReadingException: com.freescale.mqx.gdb.tad.model.globalstatus.TadGlobalStatusFactory.isMqxDataValid() at 60.line "readLongVariableSafely(_mqx_kernel_data)"
(17:50:23.999) ERROR: [TadGlobalStatusFactory] Kernel Data NOT valid (pointer: 0x0000)
(17:50:23.999) ERROR: [TadGlobalStatusFactory] MQX data not valid!
(17:50:23.999) INFO: [TadModel$3] Loading of TAD Global Status took 501 ms
(17:50:23.999) INFO: [TadGlobalStatusController] TAD global status data is ready!
(17:50:29.589) INFO: [TadState] TAD state changed from READY to DEBUG_RESUMED (Resumed, STEP)
(17:50:29.597) INFO: [TadState] TAD state changed from DEBUG_RESUMED to READY (Suspended, STEP)
(17:50:30.102) ReadingException: com.freescale.mqx.gdb.tad.model.globalstatus.TadGlobalStatusFactory.isMqxDataValid() at 60.line "readLongVariableSafely(_mqx_kernel_data)"
(17:50:30.102) ERROR: [TadGlobalStatusFactory] Kernel Data NOT valid (pointer: 0x0000)
(17:50:30.102) ERROR: [TadGlobalStatusFactory] MQX data not valid!
(17:50:30.102) INFO: [TadModel$3] Loading of TAD Global Status took 501 ms
(17:50:30.102) INFO: [TadGlobalStatusController] TAD global status data is ready!
(17:50:30.465) INFO: [TadState] TAD state changed from READY to DEBUG_RESUMED (Resumed, STEP)
(17:50:30.505) INFO: [TadState] TAD state changed from DEBUG_RESUMED to READY (Suspended, STEP)
(17:50:31.018) ReadingException: com.freescale.mqx.gdb.tad.model.globalstatus.TadGlobalStatusFactory.isMqxDataValid() at 60.line "readLongVariableSafely(_mqx_kernel_data)"
(17:50:31.018) ERROR: [TadGlobalStatusFactory] Kernel Data NOT valid (pointer: 0x0000)
(17:50:31.018) ERROR: [TadGlobalStatusFactory] MQX data not valid!
(17:50:31.018) INFO: [TadModel$3] Loading of TAD Global Status took 501 ms
(17:50:31.018) INFO: [TadGlobalStatusController] TAD global status data is ready!
(17:50:31.132) INFO: [TadState] TAD state changed from READY to DEBUG_RESUMED (Resumed, STEP)
(17:50:31.152) INFO: [TadState] TAD state changed from DEBUG_RESUMED to READY (Suspended, STEP)
(17:50:31.658) ReadingException: com.freescale.mqx.gdb.tad.model.globalstatus.TadGlobalStatusFactory.isMqxDataValid() at 60.line "readLongVariableSafely(_mqx_kernel_data)"
(17:50:31.658) ERROR: [TadGlobalStatusFactory] Kernel Data NOT valid (pointer: 0x0000)
(17:50:31.658) ERROR: [TadGlobalStatusFactory] MQX data not valid!
(17:50:31.658) INFO: [TadModel$3] Loading of TAD Global Status took 501 ms
(17:50:31.658) INFO: [TadGlobalStatusController] TAD global status data is ready!
(17:50:32.017) INFO: [TadState] TAD state changed from READY to DEBUG_RESUMED (Resumed, STEP)
(17:50:32.034) INFO: [TadState] TAD state changed from DEBUG_RESUMED to READY (Suspended, STEP)
(17:50:32.540) ReadingException: com.freescale.mqx.gdb.tad.model.globalstatus.TadGlobalStatusFactory.isMqxDataValid() at 60.line "readLongVariableSafely(_mqx_kernel_data)"
(17:50:32.540) ERROR: [TadGlobalStatusFactory] Kernel Data NOT valid (pointer: 0x0000)
(17:50:32.540) ERROR: [TadGlobalStatusFactory] MQX data not valid!
(17:50:32.540) INFO: [TadModel$3] Loading of TAD Global Status took 502 ms
(17:50:32.541) INFO: [TadGlobalStatusController] TAD global status data is ready!
(17:50:33.019) INFO: [TadState] TAD state changed from READY to DEBUG_RESUMED (Resumed, STEP)
(17:50:33.035) INFO: [TadState] TAD state changed from DEBUG_RESUMED to READY (Suspended, STEP)
(17:50:33.540) ReadingException: com.freescale.mqx.gdb.tad.model.globalstatus.TadGlobalStatusFactory.isMqxDataValid() at 60.line "readLongVariableSafely(_mqx_kernel_data)"
(17:50:33.540) ERROR: [TadGlobalStatusFactory] Kernel Data NOT valid (pointer: 0x0000)
(17:50:33.540) ERROR: [TadGlobalStatusFactory] MQX data not valid!
(17:50:33.540) INFO: [TadModel$3] Loading of TAD Global Status took 501 ms
(17:50:33.540) INFO: [TadGlobalStatusController] TAD global status data is ready!
(17:50:40.554) INFO: [TadModel] DSF session ID 32 has ended
(17:51:44.331) INFO: [TadModel] DSF session ID 33 has started
(17:51:47.707) INFO: [TadState] TAD state changed from DEBUG_STARTED to DEBUG_INIT_0 (Suspended, USER_REQUEST)
(17:51:48.726) INFO: [TadState] TAD state changed from DEBUG_INIT_0 to DEBUG_INIT_1 (Resumed, USER_REQUEST)
(17:52:00.507) INFO: [TadModel] DSF session ID 33 has ended
(18:33:40.211) INFO: [TadModel] DSF session ID 34 has started
(18:33:48.534) INFO: [TadState] TAD state changed from DEBUG_STARTED to DEBUG_INIT_0 (Suspended, USER_REQUEST)
(18:33:49.564) INFO: [TadState] TAD state changed from DEBUG_INIT_0 to DEBUG_INIT_1 (Resumed, USER_REQUEST)
(18:35:56.380) INFO: [TadModel] DSF session ID 34 has ended
(18:36:41.824) INFO: [TadModel] DSF session ID 35 has started
(18:36:49.833) INFO: [TadState] TAD state changed from DEBUG_STARTED to DEBUG_INIT_0 (Suspended, USER_REQUEST)
(18:36:50.302) INFO: [TadState] TAD state changed from DEBUG_INIT_0 to DEBUG_INIT_1 (Resumed, USER_REQUEST)
(18:37:19.844) INFO: [TadModel] DSF session ID 35 has ended
(18:38:14.196) INFO: [TadModel] DSF session ID 36 has started
(18:38:21.873) INFO: [TadState] TAD state changed from DEBUG_STARTED to DEBUG_INIT_0 (Suspended, USER_REQUEST)
(18:38:22.908) INFO: [TadState] TAD state changed from DEBUG_INIT_0 to DEBUG_INIT_1 (Resumed, USER_REQUEST)
(18:39:52.301) INFO: [TadModel] DSF session ID 36 has ended
(18:40:11.201) INFO: [TadModel] DSF session ID 37 has started
(18:40:24.715) INFO: [TadModel] DSF session ID 38 has started
(18:40:35.593) INFO: [TadModel] DSF session ID 39 has started
(18:40:38.581) INFO: [TadState] TAD state changed from DEBUG_STARTED to DEBUG_INIT_0 (Suspended, USER_REQUEST)
(18:40:39.001) INFO: [TadState] TAD state changed from DEBUG_INIT_0 to DEBUG_INIT_1 (Resumed, USER_REQUEST)
(18:42:34.308) INFO: [TadModel] DSF session ID 39 has ended
(18:42:47.331) INFO: [TadModel] DSF session ID 40 has started
(18:42:55.806) INFO: [TadState] TAD state changed from DEBUG_STARTED to DEBUG_INIT_0 (Suspended, USER_REQUEST)
(18:42:56.266) INFO: [TadState] TAD state changed from DEBUG_INIT_0 to DEBUG_INIT_1 (Resumed, USER_REQUEST)
(18:44:01.010) INFO: [TadModel] DSF session ID 40 has ended
(18:44:40.589) INFO: [TadModel] DSF session ID 41 has started
(18:44:48.476) INFO: [TadState] TAD state changed from DEBUG_STARTED to DEBUG_INIT_0 (Suspended, USER_REQUEST)
(18:44:48.949) INFO: [TadState] TAD state changed from DEBUG_INIT_0 to DEBUG_INIT_1 (Resumed, USER_REQUEST)
